2024-02-07 10:28:21 - ﻿1-1645.1D
2024-02-07 10:28:21 - 1-1645J
2024-02-07 10:28:21 - 1-1645P
2024-02-07 10:28:21 - 1-1645R
2024-02-07 10:28:21 - 1-1744E
2024-02-07 10:28:21 - 1-1799B
2024-02-07 10:28:21 - 1-1799F
2024-02-07 10:28:21 - 1-1850ZA
2024-02-07 10:28:21 - 1-1852ZB
2024-02-07 10:28:21 - 1-1878B
2024-02-07 10:28:21 - 1-1878C
2024-02-07 10:28:21 - 1-1878D
2024-02-07 10:28:21 - 1-1998E
2024-02-07 10:28:21 - 1-2002A
2024-02-07 10:28:21 - 1-2002B
2024-02-07 10:28:21 - 1-2002Q
2024-02-07 10:28:21 - 1-2002R
2024-02-07 10:28:21 - 1-2003J
2024-02-07 10:28:21 - 1-2022.1A
2024-02-07 10:28:21 - 1-2022.1L
2024-02-07 10:28:21 - 1-2022H
2024-02-07 10:28:21 - 1-2026B
2024-02-07 10:28:21 - 1-2091A
2024-02-07 10:28:21 - 1-2099B.1
2024-02-07 10:28:21 - 1-2099C
2024-02-07 10:28:21 - 1-2110A
2024-02-07 10:28:21 - 1-2110B
2024-02-07 10:28:21 - 1-2110C
2024-02-07 10:28:21 - 1-2110D
2024-02-07 10:28:21 - 1-2110L
2024-02-07 10:28:21 - 1-2110M
2024-02-07 10:28:21 - 1-2117E
2024-02-07 10:28:21 - 1-2117H
2024-02-07 10:28:21 - 1-2117R
2024-02-07 10:28:21 - 1-2117T
2024-02-07 10:28:21 - 1-2118C
2024-02-07 10:28:21 - 1-2119H
2024-02-07 10:28:21 - 1-2140A
2024-02-07 10:28:21 - 1-2140B
2024-02-07 10:28:21 - 1-2140C
2024-02-07 10:28:21 - 1-2140E
2024-02-07 10:28:21 - 1-2140F
2024-02-07 10:28:21 - 1-2140G
2024-02-07 10:28:21 - 1-2140H
2024-02-07 10:28:21 - 1-2140I
2024-02-07 10:28:21 - 1-2141I
2024-02-07 10:28:21 - 1-2142A
2024-02-07 10:28:21 - 1-2142B
2024-02-07 10:28:21 - 1-2142C
2024-02-07 10:28:21 - 1-2143A
2024-02-07 10:28:21 - 1-2143B
2024-02-07 10:28:21 - 1-2143C
2024-02-07 10:28:21 - 1-2160.1B
2024-02-07 10:28:21 - 1-2160.1G
2024-02-07 10:28:21 - 1-2160.1M
2024-02-07 10:28:21 - 15659JSB/14
2024-02-07 10:28:21 - 15724JSB/03
2024-02-07 10:28:21 - 15967JS-04P
2024-02-07 10:28:21 - 16018JSBR/02
2024-02-07 10:28:21 - 2132 55 901/58
2024-02-07 10:28:21 - 2132 58 901/58
2024-02-07 10:28:21 - 2205 60901/31
2024-02-07 10:28:21 - 231309
2024-02-07 10:28:21 - 231389
2024-02-07 10:28:21 - 231410
2024-02-07 10:28:21 - 231492
2024-02-07 10:28:21 - 231792
2024-02-07 10:28:21 - 231793
2024-02-07 10:28:21 - 231794
2024-02-07 10:28:21 - 231795
2024-02-07 10:28:21 - 231798
2024-02-07 10:28:21 - 231811
2024-02-07 10:28:21 - 231838
2024-02-07 10:28:21 - 231969
2024-02-07 10:28:21 - 231970
2024-02-07 10:28:21 - 232029
2024-02-07 10:28:21 - 232030
2024-02-07 10:28:21 - 232032
2024-02-07 10:28:21 - 232044
2024-02-07 10:28:21 - 232046
2024-02-07 10:28:21 - 232114
2024-02-07 10:28:21 - 232121
2024-02-07 10:28:21 - 232126
2024-02-07 10:28:21 - 232137
2024-02-07 10:28:21 - 232187
2024-02-07 10:28:21 - 232196
2024-02-07 10:28:21 - 232201
2024-02-07 10:28:21 - 232203
2024-02-07 10:28:21 - 232227
2024-02-07 10:28:21 - 232230
2024-02-07 10:28:21 - 232232
2024-02-07 10:28:21 - 232237
2024-02-07 10:28:21 - 232262
2024-02-07 10:28:21 - 232263
2024-02-07 10:28:21 - 232269
2024-02-07 10:28:21 - 232287
2024-02-07 10:28:21 - 232294
2024-02-07 10:28:21 - 232296
2024-02-07 10:28:21 - 232297
2024-02-07 10:28:21 - 232298
2024-02-07 10:28:21 - 232314
2024-02-07 10:28:21 - 232315
2024-02-07 10:28:21 - 232332
2024-02-07 10:28:21 - 232335
2024-02-07 10:28:21 - 232341
2024-02-07 10:28:21 - 232342
2024-02-07 10:28:21 - 232344
2024-02-07 10:28:21 - 232345
2024-02-07 10:28:21 - 232346
2024-02-07 10:28:21 - 232347
2024-02-07 10:28:21 - 232358
2024-02-07 10:28:21 - 232365
2024-02-07 10:28:21 - 232370
2024-02-07 10:28:21 - 232380
2024-02-07 10:28:21 - 232396
2024-02-07 10:28:21 - 232399
2024-02-07 10:28:21 - 232402
2024-02-07 10:28:21 - 232403
2024-02-07 10:28:21 - 232404
2024-02-07 10:28:21 - 232418
2024-02-07 10:28:21 - 232445
2024-02-07 10:28:21 - 232452
2024-02-07 10:28:21 - 251324
2024-02-07 10:28:21 - 251336
2024-02-07 10:28:21 - 251383
2024-02-07 10:28:21 - 251426
2024-02-07 10:28:21 - 251431
2024-02-07 10:28:21 - 251491
2024-02-07 10:28:21 - 251578
2024-02-07 10:28:21 - 251610
2024-02-07 10:28:21 - 251629
2024-02-07 10:28:21 - 251651
2024-02-07 10:28:21 - 251652
2024-02-07 10:28:21 - 251664
2024-02-07 10:28:21 - 251681
2024-02-07 10:28:21 - 251682
2024-02-07 10:28:21 - 251709
2024-02-07 10:28:21 - 251713
2024-02-07 10:28:21 - 251758
2024-02-07 10:28:21 - 251767
2024-02-07 10:28:21 - 251784
2024-02-07 10:28:21 - 251787
2024-02-07 10:28:21 - 251788
2024-02-07 10:28:21 - 251789
2024-02-07 10:28:21 - 251792
2024-02-07 10:28:21 - 251795
2024-02-07 10:28:21 - 251804
2024-02-07 10:28:21 - 251806
2024-02-07 10:28:21 - 251820
2024-02-07 10:28:21 - 251821
2024-02-07 10:28:21 - 251822
2024-02-07 10:28:21 - 251823
2024-02-07 10:28:21 - 251824
2024-02-07 10:28:21 - 251825
2024-02-07 10:28:21 - 251831
2024-02-07 10:28:21 - 251836
2024-02-07 10:28:21 - 251842
2024-02-07 10:28:21 - 251890
2024-02-07 10:28:21 - 251895
2024-02-07 10:28:21 - 251896
2024-02-07 10:28:21 - 261152
2024-02-07 10:28:21 - 261243
2024-02-07 10:28:21 - 261249
2024-02-07 10:28:21 - 261262
2024-02-07 10:28:21 - 261271
2024-02-07 10:28:21 - 261283
2024-02-07 10:28:21 - 261300
2024-02-07 10:28:21 - 261313
2024-02-07 10:28:21 - 261316
2024-02-07 10:28:21 - 261325
2024-02-07 10:28:21 - 261328
2024-02-07 10:28:21 - 261329
2024-02-07 10:28:21 - 261331
2024-02-07 10:28:21 - 261335
2024-02-07 10:28:21 - 261336
2024-02-07 10:28:21 - 261338
2024-02-07 10:28:21 - 261342
2024-02-07 10:28:21 - 261343
2024-02-07 10:28:21 - 261347
2024-02-07 10:28:21 - 261350
2024-02-07 10:28:21 - 261353
2024-02-07 10:28:21 - 261356
2024-02-07 10:28:21 - 261357
2024-02-07 10:28:21 - 261360
2024-02-07 10:28:21 - 261361
2024-02-07 10:28:21 - 261362
2024-02-07 10:28:21 - 261372
2024-02-07 10:28:21 - 261375
2024-02-07 10:28:21 - 261376
2024-02-07 10:28:21 - 261393
2024-02-07 10:28:21 - 261394
2024-02-07 10:28:21 - 261395
2024-02-07 10:28:21 - 261396
2024-02-07 10:28:21 - 261406
2024-02-07 10:28:21 - 261424
2024-02-07 10:28:21 - 30093WLC.01
2024-02-07 10:28:21 - 30107WLB.01
2024-02-07 10:28:21 - 3010WLB.02
2024-02-07 10:28:21 - 3016 51 1367B1
2024-02-07 10:28:21 - 3025 58 003/3F
2024-02-07 10:28:21 - 3025 58 W3400
2024-02-07 10:28:21 - 3025 58001/3F
2024-02-07 10:28:21 - 3025 58001/51
2024-02-07 10:28:21 - 3025 58002/58
2024-02-07 10:28:21 - 3025 58004/78
2024-02-07 10:28:21 - 3025 62 001
2024-02-07 10:28:21 - 3025 62 001/3F
2024-02-07 10:28:21 - 3025 62 002/58
2024-02-07 10:28:21 - 3025 62 003/3F
2024-02-07 10:28:21 - 3025 62 004/78
2024-02-07 10:28:21 - 3025 62001/3M
2024-02-07 10:28:21 - 3025 62001/51
2024-02-07 10:28:21 - 3025 62001/58
2024-02-07 10:28:21 - 3138 58 923931
2024-02-07 10:28:21 - 3183 63 004/9A
2024-02-07 10:28:21 - 3386 63 004/9A
2024-02-07 10:28:21 - 3447 47 001
2024-02-07 10:28:21 - 3447 47 001/3M
2024-02-07 10:28:21 - 3447 50 001
2024-02-07 10:28:21 - 3447 53 001/3M
2024-02-07 10:28:21 - 3447 53 001/71
2024-02-07 10:28:21 - 3447 53 919631
2024-02-07 10:28:21 - 3447 53001
2024-02-07 10:28:21 - 3498 61002/71
2024-02-07 10:28:21 - 3498 64002/71
2024-02-07 10:28:21 - 3526 63 029/9A
2024-02-07 10:28:21 - 3527 61 006/71
2024-02-07 10:28:21 - 3527 61 029/9A
2024-02-07 10:28:21 - 3533 57 002/71
2024-02-07 10:28:21 - 3548 51 001/3F
2024-02-07 10:28:21 - 3548 54 001/3F
2024-02-07 10:28:21 - 3548 54 919631
2024-02-07 10:28:21 - 3548N 51 001/58
2024-02-07 10:28:21 - 3548N 54 002/58
2024-02-07 10:28:21 - 3549 61 006/71
2024-02-07 10:28:21 - 3556N 53 001
2024-02-07 10:28:21 - 3625 91963162
2024-02-07 10:28:21 - 3672 60 004/9A
2024-02-07 10:28:21 - 3683 56 002/31
2024-02-07 10:28:21 - 3689 62 001/GD
2024-02-07 10:28:21 - 3689 91473162
2024-02-07 10:28:21 - 3699 56001/51
2024-02-07 10:28:21 - 4068 60 601
2024-02-07 10:28:21 - 4147 60 601/58
2024-02-07 10:28:21 - 4147 601/3256
2024-02-07 10:28:21 - 4147 60601/80
2024-02-07 10:28:21 - 4147 60958560
2024-02-07 10:28:21 - 4165 55 865/T5
2024-02-07 10:28:21 - 4165 55601/71
2024-02-07 10:28:21 - 4165 55601/8G
2024-02-07 10:28:21 - 4171 54 622/T3
2024-02-07 10:28:21 - 4171 54 865/13
2024-02-07 10:28:21 - 4187 54 622/8G
2024-02-07 10:28:21 - 42-2C
2024-02-07 10:28:21 - 4232 57 601/71
2024-02-07 10:28:21 - 42-6.1B
2024-02-07 10:28:21 - 42-6.1F
2024-02-07 10:28:21 - 4300 601SR563
2024-02-07 10:28:21 - 4378 54 601/71
2024-02-07 10:28:21 - 4547 60 601/32
2024-02-07 10:28:21 - 533269
2024-02-07 10:28:21 - A159WGEA-9ADF
2024-02-07 10:28:21 - A168WEGC-3E
2024-02-07 10:28:21 - A168WER-2AEF
2024-02-07 10:28:21 - A168WERG-2AEF
2024-02-07 10:28:21 - AE-1000W-1AVEF
2024-02-07 10:28:21 - AE-1000W-1BVEF
2024-02-07 10:28:21 - AKUMULATOR
2024-02-07 10:28:21 - ALKICA GUMA
2024-02-07 10:28:21 - AW-49H-7E
2024-02-07 10:28:21 - B57011/1
2024-02-07 10:28:21 - B57011/3
2024-02-07 10:28:21 - B62001/1
2024-02-07 10:28:21 - B62001/3
2024-02-07 10:28:21 - B62001/5
2024-02-07 10:28:21 - B63001/2
2024-02-07 10:28:21 - BAT
2024-02-07 10:28:21 - BAT 1
2024-02-07 10:28:21 - BAT 2
2024-02-07 10:28:21 - BAT 3
2024-02-07 10:28:21 - BAT ZA BUDILI
2024-02-07 10:28:21 - BEZEL GA100
2024-02-07 10:28:21 - BG.1.10022-5
2024-02-07 10:28:21 - BG.1.10075-1
2024-02-07 10:28:21 - BG.1.10075-2
2024-02-07 10:28:21 - BG.1.10075-5
2024-02-07 10:28:21 - BG.1.10157-1
2024-02-07 10:28:21 - BG.1.10247-3
2024-02-07 10:28:21 - BG.1.10251-1
2024-02-07 10:28:21 - BG.1.10251-5
2024-02-07 10:28:21 - BG.1.10257-2
2024-02-07 10:28:21 - BG.1.10257-3
2024-02-07 10:28:21 - BG.1.10257-5
2024-02-07 10:28:21 - BG.1.10291-1
2024-02-07 10:28:21 - BG.1.10301-1
2024-02-07 10:28:21 - BG.1.10308-2
2024-02-07 10:28:21 - BG.1.10308-3
2024-02-07 10:28:21 - BG.1.10315-4
2024-02-07 10:28:21 - BG.1.10324-1
2024-02-07 10:28:21 - BG.1.10324-2
2024-02-07 10:28:21 - BG.1.10327-1
2024-02-07 10:28:21 - BG.1.10327-2
2024-02-07 10:28:21 - BG.1.10327-3
2024-02-07 10:28:21 - BG.1.10327-4
2024-02-07 10:28:21 - BG.1.10329-3
2024-02-07 10:28:21 - BG.1.10379-1
2024-02-07 10:28:21 - BG.1.10380-4
2024-02-07 10:28:21 - BG.1.10386-3
2024-02-07 10:28:21 - BG.1.10387-4
2024-02-07 10:28:21 - BG.1.10387-6
2024-02-07 10:28:21 - BG.1.10390-6
2024-02-07 10:28:21 - BG.1.10394-1
2024-02-07 10:28:21 - BG.1.10394-2
2024-02-07 10:28:21 - BG.1.10394-4
2024-02-07 10:28:21 - BG.1.10402-3
2024-02-07 10:28:21 - BG.1.10406-2
2024-02-07 10:28:21 - BG.1.10406-4
2024-02-07 10:28:21 - BG.1.10413-1
2024-02-07 10:28:21 - BG.1.10413-2
2024-02-07 10:28:21 - BG.1.10413-3
2024-02-07 10:28:21 - BG.1.10413-5
2024-02-07 10:28:21 - BG.1.10413-6
2024-02-07 10:28:21 - BG.1.10429-4
2024-02-07 10:28:21 - BG.1.10431-3
2024-02-07 10:28:21 - BG.1.10431-4
2024-02-07 10:28:21 - BG.1.10431-5
2024-02-07 10:28:21 - BG.1.10434-4
2024-02-07 10:28:21 - BG.1.10453-3
2024-02-07 10:28:21 - BG.1.10453-4
2024-02-07 10:28:21 - BG.1.10453-5
2024-02-07 10:28:21 - BG.1.10454-1
2024-02-07 10:28:21 - BG.1.10454-2
2024-02-07 10:28:21 - BG.1.10454-5
2024-02-07 10:28:21 - BG.1.10455-3
2024-02-07 10:28:21 - BG.1.10462-1
2024-02-07 10:28:21 - BG.1.10462-3
2024-02-07 10:28:21 - BG.1.10467-4
2024-02-07 10:28:21 - BG.1.10468-2
2024-02-07 10:28:21 - BG.1.10468-3
2024-02-07 10:28:21 - BG.1.10469-3
2024-02-07 10:28:21 - BG.1.10469-4
2024-02-07 10:28:21 - BG.1.10469-5
2024-02-07 10:28:21 - BG.1.10470-3
2024-02-07 10:28:21 - BG.1.10470-4
2024-02-07 10:28:21 - BG.1.10485-2
2024-02-07 10:28:21 - BG.1.10485-4
2024-02-07 10:28:21 - BG.1.10488-1
2024-02-07 10:28:21 - BG.1.10488-3
2024-02-07 10:28:21 - BG.1.10488-4
2024-02-07 10:28:21 - BG.1.10490-4
2024-02-07 10:28:21 - BG.1.10491-1
2024-02-07 10:28:21 - BG.1.10491-2
2024-02-07 10:28:21 - BG.1.10491-5
2024-02-07 10:28:21 - BG.1.10492-4
2024-02-07 10:28:21 - BG.1.10496-1
2024-02-07 10:28:21 - BG.1.10496-4
2024-02-07 10:28:21 - BG.1.10496-5
2024-02-07 10:28:21 - BG.1.10497-1
2024-02-07 10:28:21 - BG.1.10497-2
2024-02-07 10:28:21 - BG.1.10497-4
2024-02-07 10:28:21 - BG.1.10498-5
2024-02-07 10:28:21 - BG.1.10503-2
2024-02-07 10:28:21 - BG.1.10503-4
2024-02-07 10:28:21 - BG.1.10503-5
2024-02-07 10:28:21 - BG.1.10507-1
2024-02-07 10:28:21 - BG.1.10507-3
2024-02-07 10:28:21 - BG.1.10507-5
2024-02-07 10:28:21 - CAPICE
2024-02-07 10:28:21 - CC-AP-10M
2024-02-07 10:28:21 - CC-AP-30M
2024-02-07 10:28:21 - CC-AP-46
2024-02-07 10:28:21 - CC-AP-81-W
2024-02-07 10:28:21 - CC-BK-10M
2024-02-07 10:28:21 - CC-BK-10M-P
2024-02-07 10:28:21 - CC-BK-10M-W
2024-02-07 10:28:21 - CC-BK-30M
2024-02-07 10:28:21 - CC-BK-30M-W
2024-02-07 10:28:21 - CC-BK-30-P
2024-02-07 10:28:21 - CC-BK-34P
2024-02-07 10:28:21 - CC-BK-46
2024-02-07 10:28:21 - CC-BK-46-W
2024-02-07 10:28:21 - CC-BK-50-P
2024-02-07 10:28:21 - CC-BK-50-W
2024-02-07 10:28:21 - CC-BK-81-P
2024-02-07 10:28:21 - CC-BK-ST-W
2024-02-07 10:28:21 - CC-FL-10M-P
2024-02-07 10:28:21 - CC-FL-10M-W
2024-02-07 10:28:21 - CC-FL-30M-W
2024-02-07 10:28:21 - CC-GI-10M
2024-02-07 10:28:21 - CCM-BE-B
2024-02-07 10:28:21 - CCM-BK-50-W
2024-02-07 10:28:21 - CCM-BK-B
2024-02-07 10:28:21 - CC-MC-10M
2024-02-07 10:28:21 - CC-MC-16
2024-02-07 10:28:21 - CC-MC-30M
2024-02-07 10:28:21 - CC-MC-30-W
2024-02-07 10:28:21 - CC-MC-46
2024-02-07 10:28:21 - CC-MC-46-P
2024-02-07 10:28:21 - CC-MC-50-P
2024-02-07 10:28:21 - CC-MC-81
2024-02-07 10:28:21 - CCM-MG-50
2024-02-07 10:28:21 - CCM-MG-B
2024-02-07 10:28:21 - CC-NP-30M
2024-02-07 10:28:21 - CC-OR-34P-W
2024-02-07 10:28:21 - CC-PH-10M-P
2024-02-07 10:28:21 - CC-PH-36-W
2024-02-07 10:28:21 - CC-RD-10M
2024-02-07 10:28:21 - CC-RD-10-MB
2024-02-07 10:28:21 - CC-RD-34P
2024-02-07 10:28:21 - CC-RD-34P-W
2024-02-07 10:28:21 - CC-RD-36-W
2024-02-07 10:28:21 - CC-RD-46
2024-02-07 10:28:21 - CC-RD-50-W
2024-02-07 10:28:21 - CC-RD-81
2024-02-07 10:28:21 - CC-RD-81-W
2024-02-07 10:28:21 - CC-RD-DR
2024-02-07 10:28:21 - CC-RD-NS
2024-02-07 10:28:21 - CC-RD-PLM
2024-02-07 10:28:21 - CC-SL-46-W
2024-02-07 10:28:21 - CC-SL-50S-P
2024-02-07 10:28:21 - CG10106
2024-02-07 10:28:21 - CW0101201001
2024-02-07 10:28:21 - CW0101201002
2024-02-07 10:28:21 - CW0101201003
2024-02-07 10:28:21 - CW0101201004
2024-02-07 10:28:21 - CW0101201005
2024-02-07 10:28:21 - CW0101201006
2024-02-07 10:28:21 - CW0101201008
2024-02-07 10:28:21 - CW0101201009
2024-02-07 10:28:21 - CW0101201013
2024-02-07 10:28:21 - CW0101201014
2024-02-07 10:28:21 - CW0101201025
2024-02-07 10:28:21 - CW0101203001
2024-02-07 10:28:21 - CW0101203002
2024-02-07 10:28:21 - CW0101203004
2024-02-07 10:28:21 - CW0101203005
2024-02-07 10:28:21 - CW0101203007
2024-02-07 10:28:21 - CW0101203009
2024-02-07 10:28:21 - CW0101203012
2024-02-07 10:28:21 - CW0101203017
2024-02-07 10:28:21 - CW0101203025
2024-02-07 10:28:21 - CW0101207002
2024-02-07 10:28:21 - CW0101211001
2024-02-07 10:28:21 - CW0101211003
2024-02-07 10:28:21 - CW0101211004
2024-02-07 10:28:21 - CW0101211007
2024-02-07 10:28:21 - CW10203
2024-02-07 10:28:21 - CW10205
2024-02-07 10:28:21 - CW10206
2024-02-07 10:28:21 - CW10207
2024-02-07 10:28:21 - CW10208
2024-02-07 10:28:21 - CW10307
2024-02-07 10:28:21 - CW10308
2024-02-07 10:28:21 - CW10310
2024-02-07 10:28:21 - CW10502
2024-02-07 10:28:21 - CW10503
2024-02-07 10:28:21 - CW10504
2024-02-07 10:28:21 - CW11207
2024-02-07 10:28:21 - CW11217
2024-02-07 10:28:21 - CW11502
2024-02-07 10:28:21 - CW11503
2024-02-07 10:28:21 - CW11504
2024-02-07 10:28:21 - CW11506
2024-02-07 10:28:21 - CW11507
2024-02-07 10:28:21 - CW11509
2024-02-07 10:28:21 - CW11510
2024-02-07 10:28:21 - CW11705
2024-02-07 10:28:21 - CW11706
2024-02-07 10:28:21 - CW11707
2024-02-07 10:28:21 - CW11708
2024-02-07 10:28:21 - CW11801
2024-02-07 10:28:21 - CW11802
2024-02-07 10:28:21 - CW11803
2024-02-07 10:28:21 - CW11805
2024-02-07 10:28:21 - CW11806
2024-02-07 10:28:21 - CW11901
2024-02-07 10:28:21 - CW11902
2024-02-07 10:28:21 - CW11903
2024-02-07 10:28:21 - CW11904
2024-02-07 10:28:21 - DCB-32D-1AES
2024-02-07 10:28:21 - DK.1.12287-4
2024-02-07 10:28:21 - DK.1.12513-4
2024-02-07 10:28:21 - DK.1.12739-3
2024-02-07 10:28:21 - DK.1.12830-4
2024-02-07 10:28:21 - DK.1.12909-1
2024-02-07 10:28:21 - DK.1.12915-1
2024-02-07 10:28:21 - DK.1.12922-3
2024-02-07 10:28:21 - DK.1.12922-4
2024-02-07 10:28:21 - DK.1.12957-4
2024-02-07 10:28:21 - DK.1.12997-5
2024-02-07 10:28:21 - DK.1.13029-1
2024-02-07 10:28:21 - DK.1.13126-1
2024-02-07 10:28:21 - DK.1.13126-3
2024-02-07 10:28:21 - DK.1.13170-1
2024-02-07 10:28:21 - DK.1.13170-2
2024-02-07 10:28:21 - DK.1.13205-1
2024-02-07 10:28:21 - DK.1.13205-3
2024-02-07 10:28:21 - DK.1.13205-4
2024-02-07 10:28:21 - DK.1.13205-6
2024-02-07 10:28:21 - DK.1.13208-2
2024-02-07 10:28:21 - DK.1.13209-2
2024-02-07 10:28:21 - DK.1.13209-3
2024-02-07 10:28:21 - DK.1.13214-1
2024-02-07 10:28:21 - DK.1.13217-3
2024-02-07 10:28:21 - DK.1.13218-1
2024-02-07 10:28:21 - DK.1.13219-3
2024-02-07 10:28:21 - DK.1.13220-1
2024-02-07 10:28:21 - DK.1.13220-2
2024-02-07 10:28:21 - DK.1.13236-4
2024-02-07 10:28:21 - DK.1.13241-1
2024-02-07 10:28:21 - DK.1.13243-1
2024-02-07 10:28:21 - DK.1.13245-4
2024-02-07 10:28:21 - DK.1.13245-6
2024-02-07 10:28:21 - DK.1.13246-1
2024-02-07 10:28:21 - DK.1.13246-4
2024-02-07 10:28:21 - DK.1.13249-1
2024-02-07 10:28:21 - DK.1.13249-5
2024-02-07 10:28:21 - DK.1.13249-6
2024-02-07 10:28:21 - DK.1.13254-3
2024-02-07 10:28:21 - DK.1.13254-4
2024-02-07 10:28:21 - DK.1.13254-5
2024-02-07 10:28:21 - DK.1.13259-4
2024-02-07 10:28:21 - DK.1.13264-3
2024-02-07 10:28:21 - DK.1.13277-3
2024-02-07 10:28:21 - DK.1.13295-1
2024-02-07 10:28:21 - DK.1.13337-5
2024-02-07 10:28:21 - DK.1.13341-1
2024-02-07 10:28:21 - DK.1.13341-5
2024-02-07 10:28:21 - DK.1.13341-6
2024-02-07 10:28:21 - DK.1.13342-1
2024-02-07 10:28:21 - DK.1.13342-5
2024-02-07 10:28:21 - DK.1.13342-6
2024-02-07 10:28:21 - DK.1.13347-4
2024-02-07 10:28:21 - DK.1.13347-5
2024-02-07 10:28:21 - DK.1.13349-1
2024-02-07 10:28:21 - DK.1.13355-2
2024-02-07 10:28:21 - DK.1.13355-4
2024-02-07 10:28:21 - DK.1.13374-1
2024-02-07 10:28:21 - DK.1.13374-3
2024-02-07 10:28:21 - DK.1.13388-1
2024-02-07 10:28:21 - DK.1.13428-4
2024-02-07 10:28:21 - DK.1.13449-2
2024-02-07 10:28:21 - DK.1.13450-1
2024-02-07 10:28:21 - DK.1.13450-2
2024-02-07 10:28:21 - DK.1.13462-2
2024-02-07 10:28:21 - DK.1.13471-2
2024-02-07 10:28:21 - DK.1.13486-1
2024-02-07 10:28:21 - DK.1.13486-4
2024-02-07 10:28:21 - DK.1.13486-5
2024-02-07 10:28:21 - DK.1.13488-1
2024-02-07 10:28:21 - DK.1.13488-2
2024-02-07 10:28:21 - DK.1.13488-4
2024-02-07 10:28:21 - DK.1.13494-1
2024-02-07 10:28:21 - DK.1.13494-2
2024-02-07 10:28:21 - DK.1.13523-4
2024-02-07 10:28:21 - DK.1.13523-5
2024-02-07 10:28:21 - DK.1.13525-2
2024-02-07 10:28:21 - DK.1.13528-2
2024-02-07 10:28:21 - DK.1.13528-5
2024-02-07 10:28:21 - DK.1.13530-3
2024-02-07 10:28:21 - DK.1.13536-3
2024-02-07 10:28:21 - DK.1.13557-1
2024-02-07 10:28:21 - DK.1.13557-4
2024-02-07 10:28:21 - DK.1.13569-1
2024-02-07 10:28:21 - DK12067-1
2024-02-07 10:28:21 - DK3160.C6
2024-02-07 10:28:21 - DK3165.C5
2024-02-07 10:28:21 - DK3170.C3
2024-02-07 10:28:21 - DK3179.C2
2024-02-07 10:28:21 - DK3210.C4
2024-02-07 10:28:21 - DK3218.C3
2024-02-07 10:28:21 - DK3223.C4
2024-02-07 10:28:21 - DK3224.C2
2024-02-07 10:28:21 - DK3237.C2
2024-02-07 10:28:21 - DK3242.C3
2024-02-07 10:28:21 - DK3246.C3
2024-02-07 10:28:21 - DK4172.C2
2024-02-07 10:28:21 - DK4172.C4
2024-02-07 10:28:21 - DK4173.C3
2024-02-07 10:28:21 - DK4173.C5
2024-02-07 10:28:21 - DK4176.C3
2024-02-07 10:28:21 - DK4176.C5
2024-02-07 10:28:21 - DK4182.C1
2024-02-07 10:28:21 - DK4182.C2
2024-02-07 10:28:21 - DK4215.C7
2024-02-07 10:28:21 - DK4224.C4
2024-02-07 10:28:21 - DK4238.C3
2024-02-07 10:28:21 - DK4245P.C1
2024-02-07 10:28:21 - DK4245P.C3
2024-02-07 10:28:21 - DK4293P.C3
2024-02-07 10:28:21 - DK4293P.C4
2024-02-07 10:28:21 - DK4295.C3
2024-02-07 10:28:21 - DKJ.2.2080-3
2024-02-07 10:28:21 - DKJ.3.1001-2
2024-02-07 10:28:21 - DKJ.3.1001-3
2024-02-07 10:28:21 - DKJ.3.1008-2
2024-02-07 10:28:21 - DKJ.3.1063-2
2024-02-07 10:28:21 - DKJ.3.1063-3
2024-02-07 10:28:21 - DKJ.3.1064-1
2024-02-07 10:28:21 - DKJ.3.1064-2
2024-02-07 10:28:21 - DKJ.3.1064-3
2024-02-07 10:28:21 - DKJ.3.5020-1
2024-02-07 10:28:21 - DKJ.3.5020-2
2024-02-07 10:28:21 - DKJ.3.5020-3
2024-02-07 10:28:21 - DKJ.3.5027-2
2024-02-07 10:28:21 - DKJ.3.5027-3
2024-02-07 10:28:21 - DKJ.3.5031-1
2024-02-07 10:28:21 - DKJ.3.5031-2
2024-02-07 10:28:21 - DKJ.3.5031-3
2024-02-07 10:28:21 - DKJ.4.4009-2
2024-02-07 10:28:21 - DKJ.4.4012-1
2024-02-07 10:28:21 - DKJ.4.4012-3
2024-02-07 10:28:21 - DKJ.4.4012-4
2024-02-07 10:28:21 - DKJ.4.4013-4
2024-02-07 10:28:21 - DKJ.4.4135-3
2024-02-07 10:28:21 - DKJ.4.4135-4
2024-02-07 10:28:21 - DKJ.6.2158-2
2024-02-07 10:28:21 - DKJ.6.2158-3
2024-02-07 10:28:21 - DKJ.6.2158-4
2024-02-07 10:28:21 - DKJ.6.2185-2
2024-02-07 10:28:21 - DKJ.6.2185-3
2024-02-07 10:28:21 - DZ2165
2024-02-07 10:28:21 - DZ4309
2024-02-07 10:28:21 - DZ4318
2024-02-07 10:28:21 - DZ4323
2024-02-07 10:28:21 - DZ4360
2024-02-07 10:28:21 - DZ7314
2024-02-07 10:28:21 - EA2033 64 309487
2024-02-07 10:28:21 - EA2033 64 313087
2024-02-07 10:28:21 - EA2094 60 300187
2024-02-07 10:28:21 - EA4029 64 508880
2024-02-07 10:28:21 - EA4058 58 506381
2024-02-07 10:28:21 - EA4058 58 547487
2024-02-07 10:28:21 - EA4079 57 504287
2024-02-07 10:28:21 - EA40945017115
2024-02-07 10:28:21 - EA4129 56 504287
2024-02-07 10:28:21 - EA4129 56 50606G
2024-02-07 10:28:21 - EA4161 57 50426G
2024-02-07 10:28:21 - EA4182U 57 54378G
2024-02-07 10:28:21 - EA4184 49 500187
2024-02-07 10:28:21 - EA4191U 64 506387
2024-02-07 10:28:21 - EA4201 58 500187
2024-02-07 10:28:21 - EA4201 58 51266G
2024-02-07 10:28:21 - EF-121D-1AVEG
2024-02-07 10:28:21 - EF-129D-1AVEF
2024-02-07 10:28:21 - EF-527D-1AVEF
2024-02-07 10:28:21 - EF-527D-2AVUEF
2024-02-07 10:28:21 - EF-539D-1AVEF
2024-02-07 10:28:21 - EFB-108D-1AVUEF
2024-02-07 10:28:21 - ES3546
2024-02-07 10:28:21 - ES3988
2024-02-07 10:28:21 - ES4341
2024-02-07 10:28:21 - ES4837
2024-02-07 10:28:21 - F-200W-1ADF
2024-02-07 10:28:21 - FAA02005D9
2024-02-07 10:28:21 - FAC05001B0
2024-02-07 10:28:21 - FAG03001B0
2024-02-07 10:28:21 - FEM65001MW
2024-02-07 10:28:21 - FEM75004B9
2024-02-07 10:28:21 - FT202201F608
2024-02-07 10:28:21 - FT202201F610
2024-02-07 10:28:21 - FT202201F902
2024-02-07 10:28:21 - FT202201F903
2024-02-07 10:28:21 - FT202201F906
2024-02-07 10:28:21 - FT202201F907
2024-02-07 10:28:21 - FT202201R1001
2024-02-07 10:28:21 - FT202201R1005
2024-02-07 10:28:21 - FT202201R1007
2024-02-07 10:28:21 - FUG0Q004B6
2024-02-07 10:28:21 - FUG0Q004D6
2024-02-07 10:28:21 - FUG0Q004W6
2024-02-07 10:28:21 - FUG0Q008B6
2024-02-07 10:28:21 - FUG0Q008D6
2024-02-07 10:28:21 - FUG0Q00AS6
2024-02-07 10:28:21 - FUG1H001D6
2024-02-07 10:28:21 - FUG1H001W6
2024-02-07 10:28:21 - FUG1H001W6 KOM
2024-02-07 10:28:21 - GA-B2100-3AER
2024-02-07 10:28:21 - GMA-S2100MD-4AER
2024-02-07 10:28:21 - GMA-S2100MD-7AER
2024-02-07 10:28:21 - GUMA 1
2024-02-07 10:28:21 - HDA-600B-1BVDF
2024-02-07 10:28:21 - HS-3
2024-02-07 10:28:21 - KARIKA ZA SAT
2024-02-07 10:28:21 - KAZALJKE
2024-02-07 10:28:21 - KLJUČ KRUNICA DIESEL
2024-02-07 10:28:21 - KOPČA
2024-02-07 10:28:21 - KUČIŠTE
2024-02-07 10:28:21 - LA670WES-4AEF
2024-02-07 10:28:21 - LA680WEA-1EF
2024-02-07 10:28:21 - LA680WEGL-4EF
2024-02-07 10:28:21 - LA680WEL-3EF
2024-02-07 10:28:21 - LC06414.420
2024-02-07 10:28:21 - LC06506.355-NL
2024-02-07 10:28:21 - LC06506.661-NL
2024-02-07 10:28:21 - LC06506.692-NL
2024-02-07 10:28:21 - LC06627.120
2024-02-07 10:28:21 - LC06627.420
2024-02-07 10:28:21 - LC06661.350
2024-02-07 10:28:21 - LC06675.351
2024-02-07 10:28:21 - LC06800.331
2024-02-07 10:28:21 - LC06871.530
2024-02-07 10:28:21 - LC06876.430
2024-02-07 10:28:21 - LC06889.669-NL
2024-02-07 10:28:21 - LC06892.410
2024-02-07 10:28:21 - LC06892.430
2024-02-07 10:28:21 - LC06916.539
2024-02-07 10:28:21 - LC06927.090
2024-02-07 10:28:21 - LC06929.060
2024-02-07 10:28:21 - LC06930.530
2024-02-07 10:28:21 - LC06933.130
2024-02-07 10:28:21 - LC06933.330
2024-02-07 10:28:21 - LC06933.530
2024-02-07 10:28:21 - LC06939.130-N
2024-02-07 10:28:21 - LC06939.410-N
2024-02-07 10:28:21 - LC06939.530-N
2024-02-07 10:28:21 - LC07028.110
2024-02-07 10:28:21 - LC07115.530-N
2024-02-07 10:28:21 - LC07132.130
2024-02-07 10:28:21 - LC07167.650
2024-02-07 10:28:21 - LC07232.430
2024-02-07 10:28:21 - LC07232.530
2024-02-07 10:28:21 - LC07236.130
2024-02-07 10:28:21 - LC07236.360
2024-02-07 10:28:21 - LC07236.430
2024-02-07 10:28:21 - LC07250.530
2024-02-07 10:28:21 - LC07251.651
2024-02-07 10:28:21 - LC07252.390
2024-02-07 10:28:21 - LC07270.350
2024-02-07 10:28:21 - LC07295.330
2024-02-07 10:28:21 - LC07301.438
2024-02-07 10:28:21 - LC07310.120
2024-02-07 10:28:21 - LC07310.320
2024-02-07 10:28:21 - LC07319.360
2024-02-07 10:28:21 - LC07326.250-N
2024-02-07 10:28:21 - LC07326.350-N
2024-02-07 10:28:21 - LC07326.390-N
2024-02-07 10:28:21 - LC07339.330
2024-02-07 10:28:21 - LC07344.330
2024-02-07 10:28:21 - LC07348.410
2024-02-07 10:28:21 - LC07372.351
2024-02-07 10:28:21 - LC07387.060
2024-02-07 10:28:21 - LC07390.420
2024-02-07 10:28:21 - LC07391.120
2024-02-07 10:28:21 - LC07391.230
2024-02-07 10:28:21 - LC07401.320
2024-02-07 10:28:21 - LC07401.520
2024-02-07 10:28:21 - LC07413.320
2024-02-07 10:28:21 - LC07436.410
2024-02-07 10:28:21 - LC07474.351
2024-02-07 10:28:21 - LC07474.399
2024-02-07 10:28:21 - LC07474.631
2024-02-07 10:28:21 - LC07474.652
2024-02-07 10:28:21 - LC07478.320
2024-02-07 10:28:21 - LC07483.380
2024-02-07 10:28:21 - LC07483.390
2024-02-07 10:28:21 - LC07489.399
2024-02-07 10:28:21 - LC07489.451
2024-02-07 10:28:21 - LC07512.130
2024-02-07 10:28:21 - LC07512.320
2024-02-07 10:28:21 - LC07512.530
2024-02-07 10:28:21 - LC07514.351
2024-02-07 10:28:21 - LC07514.399
2024-02-07 10:28:21 - LC07531.351
2024-02-07 10:28:21 - LC07544.110
2024-02-07 10:28:21 - LC07544.250
2024-02-07 10:28:21 - LC07544.430
2024-02-07 10:28:21 - LC07544.550
2024-02-07 10:28:21 - LC07549.390
2024-02-07 10:28:21 - LC07552.560
2024-02-07 10:28:21 - LC07562.250
2024-02-07 10:28:21 - LC07562.390
2024-02-07 10:28:21 - LC07567.177
2024-02-07 10:28:21 - LC07567.399
2024-02-07 10:28:21 - LC07567.424
2024-02-07 10:28:21 - LC07567.488
2024-02-07 10:28:21 - LC07573.350
2024-02-07 10:28:21 - LC07573.650
2024-02-07 10:28:21 - LC07578.177
2024-02-07 10:28:21 - LC07578.322
2024-02-07 10:28:21 - LC07578.451
2024-02-07 10:28:21 - LC07592.060
2024-02-07 10:28:21 - LC07592.690
2024-02-07 10:28:21 - LC07598.351
2024-02-07 10:28:21 - LC07598.377
2024-02-07 10:28:21 - LC07598.399
2024-02-07 10:28:21 - LC07599.230
2024-02-07 10:28:21 - LC07599.270
2024-02-07 10:28:21 - LC07599.530
2024-02-07 10:28:21 - LC07612.130
2024-02-07 10:28:21 - LC07612.220
2024-02-07 10:28:21 - LC07612.390
2024-02-07 10:28:21 - LC07612.450
2024-02-07 10:28:21 - LC07612.520
2024-02-07 10:28:21 - LC07617.060
2024-02-07 10:28:21 - LC07617.270
2024-02-07 10:28:21 - LC07617.390
2024-02-07 10:28:21 - LC07627.070
2024-02-07 10:28:21 - LC07627.540
2024-02-07 10:28:21 - LC07635.351
2024-02-07 10:28:21 - LC07635.499
2024-02-07 10:28:21 - LC07635.657
2024-02-07 10:28:21 - LC07635.658
2024-02-07 10:28:21 - LC07641.060
2024-02-07 10:28:21 - LC07641.350
2024-02-07 10:28:21 - LC07646.166
2024-02-07 10:28:21 - LC07646.417
2024-02-07 10:28:21 - LC07650.651
2024-02-07 10:28:21 - LC07670.060
2024-02-07 10:28:21 - LC07670.360
2024-02-07 10:28:21 - LC07670.390
2024-02-07 10:28:21 - LC07671.651
2024-02-07 10:28:21 - LC07671.677
2024-02-07 10:28:21 - LC07672.370
2024-02-07 10:28:21 - LC07672.390
2024-02-07 10:28:21 - LC07672.450
2024-02-07 10:28:21 - LC07672.650
2024-02-07 10:28:21 - LC07678.230
2024-02-07 10:28:21 - LC07678.530
2024-02-07 10:28:21 - LC07679.260
2024-02-07 10:28:21 - LC07679.530
2024-02-07 10:28:21 - LC07680.270
2024-02-07 10:28:21 - LC07680.380
2024-02-07 10:28:21 - LC07680.570
2024-02-07 10:28:21 - LC07681.320
2024-02-07 10:28:21 - LC07682.270
2024-02-07 10:28:21 - LC07685.110
2024-02-07 10:28:21 - LC07685.530
2024-02-07 10:28:21 - LC07686.450
2024-02-07 10:28:21 - LC07687.460
2024-02-07 10:28:21 - LC07713.399
2024-02-07 10:28:21 - LC07713.692
2024-02-07 10:28:21 - LL-RD-M-Y
2024-02-07 10:28:21 - LRW-200H-2B
2024-02-07 10:28:21 - LTP-1215A-1ADF
2024-02-07 10:28:21 - LTP-1234PL-7A2EF
2024-02-07 10:28:21 - LTP-1237D-7A2
2024-02-07 10:28:21 - LTP-1275D-1A2DF
2024-02-07 10:28:21 - LTP-1302D-7A1VDF
2024-02-07 10:28:21 - LTP-1302D-7BVDF
2024-02-07 10:28:21 - LTP-1302L-7BVDF
2024-02-07 10:28:21 - LTP-1302PRG-2AVEF
2024-02-07 10:28:21 - LTP-1302PRG-3AVEF
2024-02-07 10:28:21 - LTP-1303D-1AVDF
2024-02-07 10:28:21 - LTP-1303D-7BVDF
2024-02-07 10:28:21 - LTP-1314L-7A
2024-02-07 10:28:21 - LTP-1314L-8AVDF
2024-02-07 10:28:21 - LTP-B150L-7B1EF
2024-02-07 10:28:21 - LTP-B150L-7B2EF
2024-02-07 10:28:21 - LTP-V001D-7BUDF
2024-02-07 10:28:21 - LTP-V001L-1BUDF
2024-02-07 10:28:21 - LTP-V002D-1AUDF
2024-02-07 10:28:21 - LTP-V002L-1AUDF
2024-02-07 10:28:21 - LTP-V002L-1BUDF
2024-02-07 10:28:21 - LTP-V005D-1AUDF
2024-02-07 10:28:21 - LTP-V005D-1BUDF
2024-02-07 10:28:21 - LTP-V005D-7BUDF
2024-02-07 10:28:21 - LTP-V005SG-7A
2024-02-07 10:28:21 - LUR-PGP-10
2024-02-07 10:28:21 - LUR-PGP-11N
2024-02-07 10:28:21 - LW-203-2AVEF
2024-02-07 10:28:21 - MDV-107D-3AVEF
2024-02-07 10:28:21 - MEHANIZAM
2024-02-07 10:28:21 - MK4338
2024-02-07 10:28:21 - MK7218
2024-02-07 10:28:21 - MQ-24-1B2LDF
2024-02-07 10:28:21 - MQ-24-7B2LEG
2024-02-07 10:28:21 - MQ-24-7BLLEG
2024-02-07 10:28:21 - MQ-24S-2BEF
2024-02-07 10:28:21 - MQ-24S-4BEF
2024-02-07 10:28:21 - MQ-24S-7BEF
2024-02-07 10:28:21 - MQ-24UC-2BEF
2024-02-07 10:28:21 - MQ-24UC-3BEF
2024-02-07 10:28:21 - MQ-24UC-4BEF
2024-02-07 10:28:21 - MRW-200H-1B2VEG
2024-02-07 10:28:21 - MRW-200H-1E
2024-02-07 10:28:21 - MRW-200H-2B2VDF
2024-02-07 10:28:21 - MRW-200H-3BVDF
2024-02-07 10:28:21 - MRW-200H-4BVDF
2024-02-07 10:28:21 - MRW-200H-7BVDF
2024-02-07 10:28:21 - MRW-200H-9BVDF
2024-02-07 10:28:21 - MTP-1183A-7ADF
2024-02-07 10:28:21 - MTP-1183A-7BDF
2024-02-07 10:28:21 - MTP-1239D-7ADF
2024-02-07 10:28:21 - MTP-1259PD-7BEG
2024-02-07 10:28:21 - MTP-1302D-7A1VDF
2024-02-07 10:28:21 - MTP-1303D-7BVDF
2024-02-07 10:28:21 - MTP-1303PD-2AVEG
2024-02-07 10:28:21 - MTP-1308D-2AVDF
2024-02-07 10:28:21 - MTP-1314D-7A
2024-02-07 10:28:21 - MTP-V002D-1B3UDF
2024-02-07 10:28:21 - MTP-V002D-2B3UDF
2024-02-07 10:28:21 - MTP-V002D-7B3UDF
2024-02-07 10:28:21 - MTP-V002D-7BUDF
2024-02-07 10:28:21 - MTP-V002L-1BUDF
2024-02-07 10:28:21 - MTP-V004L-1BUDF
2024-02-07 10:28:21 - MWA-100HD-1AVEF
2024-02-07 10:28:21 - PEWJH2228104
2024-02-07 10:28:21 - PEWJJ2110003
2024-02-07 10:28:21 - PEWJK2110840
2024-02-07 10:28:21 - PEWJK2203101
2024-02-07 10:28:21 - PEWJK2204202
2024-02-07 10:28:21 - PEWJK2229405
2024-02-07 10:28:21 - PEWJQ0005303
2024-02-07 10:28:21 - PEWJQ2003541
2024-02-07 10:28:21 - QHE091B
2024-02-07 10:28:21 - QHE091E
2024-02-07 10:28:21 - QHE091R
2024-02-07 10:28:21 - QHE100K
2024-02-07 10:28:21 - QHE100L
2024-02-07 10:28:21 - QHE193N
2024-02-07 10:28:21 - QHE194K
2024-02-07 10:28:21 - QHE194L
2024-02-07 10:28:21 - QHE196S
2024-02-07 10:28:21 - QHK056G
2024-02-07 10:28:21 - QHK058W
2024-02-07 10:28:21 - QHK061K
2024-02-07 10:28:21 - QQ ELEGANCE
2024-02-07 10:28:21 - QQ GUMA
2024-02-07 10:28:21 - QQ GUMA X
2024-02-07 10:28:21 - QQ KOZA XX
2024-02-07 10:28:21 - QQ SILIKON
2024-02-07 10:28:21 - QQ TREND
2024-02-07 10:28:21 - QQ TREND METAL
2024-02-07 10:28:21 - QXA462T
2024-02-07 10:28:21 - R0101S 59 92023A
2024-02-07 10:28:21 - R2301PX-9
2024-02-07 10:28:21 - R2303PX-9
2024-02-07 10:28:21 - R2331PX-9
2024-02-07 10:28:21 - R2335PX-9
2024-02-07 10:28:21 - R2337PX-9
2024-02-07 10:28:21 - R2365NX-9
2024-02-07 10:28:21 - R2397NX-9
2024-02-07 10:28:21 - R2399NX-9
2024-02-07 10:28:21 - RA52201377115
2024-02-07 10:28:21 - RA-AA0C01B19B
2024-02-07 10:28:21 - RA-AA0C02L19B
2024-02-07 10:28:21 - RA-AA0C03S19B
2024-02-07 10:28:21 - RA-AC0F03B10B
2024-02-07 10:28:21 - RA-AC0F04S10B
2024-02-07 10:28:21 - RA-AC0F05B10B
2024-02-07 10:28:21 - RA-AG0009S10B
2024-02-07 10:28:21 - REMEN 1
2024-02-07 10:28:21 - REMEN 2
2024-02-07 10:28:21 - REMEN 3
2024-02-07 10:28:21 - REMEN 7
2024-02-07 10:28:21 - REMEN A168WG-9
2024-02-07 10:28:21 - REMEN D
2024-02-07 10:28:21 - REMEN EF-552-1AV
2024-02-07 10:28:21 - REMEN J.LEMAN
2024-02-07 10:28:21 - REMEN MK
2024-02-07 10:28:21 - REMEN POLICE
2024-02-07 10:28:21 - REZERVNI DJELOVI
2024-02-07 10:28:21 - RG202TX-9
2024-02-07 10:28:21 - RG203VX-9
2024-02-07 10:28:21 - RG204TX-9
2024-02-07 10:28:21 - RG222VX-9
2024-02-07 10:28:21 - RG227VX-9
2024-02-07 10:28:21 - RG229VX-9
2024-02-07 10:28:21 - RG231TX-9
2024-02-07 10:28:21 - RG233UX-9
2024-02-07 10:28:21 - RG236VX-9
2024-02-07 10:28:21 - RG245RX-9
2024-02-07 10:28:21 - RG245UX-9
2024-02-07 10:28:21 - RG288TX-9
2024-02-07 10:28:21 - RG290TX-9
2024-02-07 10:28:21 - RG293RX-9
2024-02-07 10:28:21 - RH937NX-9
2024-02-07 10:28:21 - RH941NX-9
2024-02-07 10:28:21 - RH971PX-9
2024-02-07 10:28:21 - RH979MX-9
2024-02-07 10:28:21 - RH983NX-9
2024-02-07 10:28:21 - RM303HX-9
2024-02-07 10:28:21 - RM307HX-9
2024-02-07 10:28:21 - RM321HX-9
2024-02-07 10:28:21 - RM329HX-9
2024-02-07 10:28:21 - RM333GX-9
2024-02-07 10:28:21 - RM375HX-9
2024-02-07 10:28:21 - RRX47HX-9
2024-02-07 10:28:21 - RRX51DX-9
2024-02-07 10:28:21 - RRX57HX-9
2024-02-07 10:28:21 - RRX61HX-9
2024-02-07 10:28:21 - RRX85HX-9
2024-02-07 10:28:21 - RRX91HX-9
2024-02-07 10:28:21 - RT329JX-9
2024-02-07 10:28:21 - RT377HX-9
2024-02-07 10:28:21 - RT393JX-9
2024-02-07 10:28:21 - RT397JX-9
2024-02-07 10:28:21 - SB4049
2024-02-07 10:28:21 - SB4071
2024-02-07 10:28:21 - SB4202
2024-02-07 10:28:21 - SB4205
2024-02-07 10:28:21 - SEIKO BAT
2024-02-07 10:28:21 - SEIKO KARIKA
2024-02-07 10:28:21 - SE-PGP-16N
2024-02-07 10:28:21 - SE-YGP-NSN
2024-02-07 10:28:21 - SF9331 587SFP
2024-02-07 10:28:21 - SF9331 58U28P
2024-02-07 10:28:21 - SF9331 58U28Z
2024-02-07 10:28:21 - SF9383 620U28
2024-02-07 10:28:21 - SF9383 62968X
2024-02-07 10:28:21 - SF9396 56U28X
2024-02-07 10:28:21 - SF9396V 56U28B
2024-02-07 10:28:21 - SFI005 620531
2024-02-07 10:28:21 - SFI095 55U28P
2024-02-07 10:28:21 - SFI209 53700Y
2024-02-07 10:28:21 - SFI446 630530
2024-02-07 10:28:21 - SFI446 63696B
2024-02-07 10:28:21 - SFI447 570700
2024-02-07 10:28:21 - SFI447 570C10
2024-02-07 10:28:21 - SFI459 590700
2024-02-07 10:28:21 - SFI459V 590703
2024-02-07 10:28:21 - SFI461 56700P
2024-02-07 10:28:21 - SFI461 56C10P
2024-02-07 10:28:21 - SFU339520700
2024-02-07 10:28:21 - SFU3415401BU
2024-02-07 10:28:21 - SFU341540700
2024-02-07 10:28:21 - SFU34154096N
2024-02-07 10:28:21 - SFU342550700
2024-02-07 10:28:21 - SFU466540700
2024-02-07 10:28:21 - SFU467580301
2024-02-07 10:28:21 - SFU46855700Y
2024-02-07 10:28:21 - SFU469540700
2024-02-07 10:28:21 - SFU470540700
2024-02-07 10:28:21 - SFU47054700Y
2024-02-07 10:28:21 - SFU471530722
2024-02-07 10:28:21 - SFU5115606D4
2024-02-07 10:28:21 - SFU515 V5502BW
2024-02-07 10:28:21 - SFU536 5806G5
2024-02-07 10:28:21 - SFU536 5807GW
2024-02-07 10:28:21 - SFU538 580300
2024-02-07 10:28:21 - SFU538 580594
2024-02-07 10:28:21 - SFU599 V58300Y
2024-02-07 10:28:21 - SFU620 560700
2024-02-07 10:28:21 - SFU622 570300
2024-02-07 10:28:21 - SFU623 570300
2024-02-07 10:28:21 - SFU626 580706
2024-02-07 10:28:21 - SFU628 590300
2024-02-07 10:28:21 - SFU683 550700
2024-02-07 10:28:21 - SFU684 560Z48
2024-02-07 10:28:21 - SFU685 540700
2024-02-07 10:28:21 - SFU685 540752
2024-02-07 10:28:21 - SFU685V 5401EX
2024-02-07 10:28:21 - SFU685V 5406BZ
2024-02-07 10:28:21 - SFU685V 5406YH
2024-02-07 10:28:21 - SFU685V 540VAB
2024-02-07 10:28:21 - SFU686V 5403KA
2024-02-07 10:28:21 - SFU689 580307
2024-02-07 10:28:21 - SFU689 5808FC
2024-02-07 10:28:21 - SFU689 580SN9
2024-02-07 10:28:21 - SFU693 5808FE
2024-02-07 10:28:21 - SFU693V 5808FC
2024-02-07 10:28:21 - SHE175990301
2024-02-07 10:28:21 - SHE822550752
2024-02-07 10:28:21 - SHE82655096N
2024-02-07 10:28:21 - SHE826550AEN
2024-02-07 10:28:21 - SHE827560L93
2024-02-07 10:28:21 - SHE832540713
2024-02-07 10:28:21 - SHE844560700
2024-02-07 10:28:21 - SHE866540301
2024-02-07 10:28:21 - SHE869540721
2024-02-07 10:28:21 - SHN628M520700
2024-02-07 10:28:21 - SJC019 520700
2024-02-07 10:28:21 - SJC019 520AAK
2024-02-07 10:28:21 - SJC021 530700
2024-02-07 10:28:21 - SJC021V 53 700Y
2024-02-07 10:28:21 - SJC023 530700
2024-02-07 10:28:21 - SJC023 530AAK
2024-02-07 10:28:21 - SJC023 53700Y
2024-02-07 10:28:21 - SJC024 520AAK
2024-02-07 10:28:21 - SJC024 52700Y
2024-02-07 10:28:21 - SJC027  530700
2024-02-07 10:28:21 - SJC030V 580700
2024-02-07 10:28:21 - SNE593P1
2024-02-07 10:28:21 - SPL34849581X
2024-02-07 10:28:21 - SPL34947579K
2024-02-07 10:28:21 - SPL890 5808H5
2024-02-07 10:28:21 - SPL890E 58349P
2024-02-07 10:28:21 - SPL890E 58E56P
2024-02-07 10:28:21 - SPLB36 61H53X
2024-02-07 10:28:21 - SPLB38E 56U28P
2024-02-07 10:28:21 - SPLC2456H56Y
2024-02-07 10:28:21 - SPLC37 600703
2024-02-07 10:28:21 - SPLC37 600C03
2024-02-07 10:28:21 - SPLD33540700
2024-02-07 10:28:21 - SPLE05 570700
2024-02-07 10:28:21 - SPLE05 570722
2024-02-07 10:28:21 - SPLE05 5709N3
2024-02-07 10:28:21 - SPLE05 576K3F
2024-02-07 10:28:21 - SPLE37 560722
2024-02-07 10:28:21 - SPLF12550700
2024-02-07 10:28:21 - SPLF12550722
2024-02-07 10:28:21 - SPLF15 52GLAP
2024-02-07 10:28:21 - SPLF16 51GLAP
2024-02-07 10:28:21 - SPLF36 580700
2024-02-07 10:28:21 - SPLF36 580Z20
2024-02-07 10:28:21 - SPLF61E 550U28
2024-02-07 10:28:21 - SPLF63 630878
2024-02-07 10:28:21 - SPLG19 540700
2024-02-07 10:28:21 - SPLG19 540909
2024-02-07 10:28:21 - SPLG20 54700Y
2024-02-07 10:28:21 - SPLL16 58U28P
2024-02-07 10:28:21 - SPLL36 540700
2024-02-07 10:28:21 - SPLL38 57594Y
2024-02-07 10:28:21 - SRPB47J1
2024-02-07 10:28:21 - SRPD51K1
2024-02-07 10:28:21 - SRPD61K1
2024-02-07 10:28:21 - SRPD71K2
2024-02-07 10:28:21 - SRPE39P1
2024-02-07 10:28:21 - SRPE43J1
2024-02-07 10:28:21 - SRPG39K1
2024-02-07 10:28:21 - SRPJ93K1
2024-02-07 10:28:21 - SRPK15J1
2024-02-07 10:28:21 - SSA451J1
2024-02-07 10:28:21 - SSB399P1
2024-02-07 10:28:21 - SSB415P1
2024-02-07 10:28:21 - SSB427P1
2024-02-07 10:28:21 - SSC911P1
2024-02-07 10:28:21 - SSK013J1
2024-02-07 10:28:21 - STAKLO J.LEMANS
2024-02-07 10:28:21 - SUR339P1
2024-02-07 10:28:21 - SUR344P1
2024-02-07 10:28:21 - SUR405P1
2024-02-07 10:28:21 - SUR421P1
2024-02-07 10:28:21 - SUR450P1
2024-02-07 10:28:21 - SUR461P1
2024-02-07 10:28:21 - SUR465P1
2024-02-07 10:28:21 - SUR503P1
2024-02-07 10:28:21 - SUR529P1
2024-02-07 10:28:21 - SUR531P1
2024-02-07 10:28:21 - SUR533P1
2024-02-07 10:28:21 - SYA028 N55780Y
2024-02-07 10:28:21 - SYA028N5503KA
2024-02-07 10:28:21 - SYA030 590300
2024-02-07 10:28:21 - SYA030 590H33
2024-02-07 10:28:21 - SYA036 V56096N
2024-02-07 10:28:21 - SYA037 60E59X
2024-02-07 10:28:21 - SYA037600H29
2024-02-07 10:28:21 - SYA043 550302
2024-02-07 10:28:21 - SYA053 510700
2024-02-07 10:28:21 - SYA055 5401AL
2024-02-07 10:28:21 - SYA055 540722
2024-02-07 10:28:21 - SYA056 5301AL
2024-02-07 10:28:21 - SYA076 530700
2024-02-07 10:28:21 - SYA080 530700
2024-02-07 10:28:21 - SYA100 59300Y
2024-02-07 10:28:21 - SYA102 580302
2024-02-07 10:28:21 - SYA102 588FCY
2024-02-07 10:28:21 - SYA104 540700
2024-02-07 10:28:21 - SYA105 540700
2024-02-07 10:28:21 - SYA105V 5406SC
2024-02-07 10:28:21 - SYA105V 5407AY
2024-02-07 10:28:21 - SYA106 540700
2024-02-07 10:28:21 - SYA106 540706
2024-02-07 10:28:21 - SYA106V 540AFD
2024-02-07 10:28:21 - SYG224B
2024-02-07 10:28:21 - SYG224U
2024-02-07 10:28:21 - SYG251E
2024-02-07 10:28:21 - SYG294BE
2024-02-07 10:28:21 - SYG294UW
2024-02-07 10:28:21 - SYL167U
2024-02-07 10:28:21 - SYL180WO
2024-02-07 10:28:21 - SYL189CE
2024-02-07 10:28:21 - SYL292WP
2024-02-07 10:28:21 - SYL301WP
2024-02-07 10:28:21 - ŠTIFT
2024-02-07 10:28:21 - TQ-140-7EF
2024-02-07 10:28:21 - TQ-148-8DF
2024-02-07 10:28:21 - TQ-228-4DF
2024-02-07 10:28:21 - USPA1008-05
2024-02-07 10:28:21 - USPA1014-06
2024-02-07 10:28:21 - USPA1014-07
2024-02-07 10:28:21 - USPA1014-08
2024-02-07 10:28:21 - USPA1030-01
2024-02-07 10:28:21 - USPA1030-06
2024-02-07 10:28:21 - USPA1034-04
2024-02-07 10:28:21 - USPA1034-05
2024-02-07 10:28:21 - USPA1035-03
2024-02-07 10:28:21 - USPA1040-01
2024-02-07 10:28:21 - USPA1040-07
2024-02-07 10:28:21 - USPA1040-08
2024-02-07 10:28:21 - USPA1044-07
2024-02-07 10:28:21 - USPA1054-01
2024-02-07 10:28:21 - USPA1055-06
2024-02-07 10:28:21 - USPA1057-03
2024-02-07 10:28:21 - USPA1057-05
2024-02-07 10:28:21 - USPA2027-02
2024-02-07 10:28:21 - USPA2028-03
2024-02-07 10:28:21 - USPA2028-06
2024-02-07 10:28:21 - USPA2040-01
2024-02-07 10:28:21 - USPA2040-06
2024-02-07 10:28:21 - USPA2042-06
2024-02-07 10:28:21 - USPA2045-05
2024-02-07 10:28:21 - USPA2049-04
2024-02-07 10:28:21 - USPA2054-01
2024-02-07 10:28:21 - USPA2054-02
2024-02-07 10:28:21 - USPA2055-02
2024-02-07 10:28:21 - USPA2055-03
2024-02-07 10:28:21 - USPA2055-04
2024-02-07 10:28:21 - USPA2057-02
2024-02-07 10:28:21 - USPA2057-03
2024-02-07 10:28:21 - USPA2057-09
2024-02-07 10:28:21 - USPA2059-01
2024-02-07 10:28:21 - USPA2059-02
2024-02-07 10:28:21 - USPA2062-02
2024-02-07 10:28:21 - USPA2066-01
2024-02-07 10:28:21 - VO2843 56 44/11
2024-02-07 10:28:21 - VO2943SB 55 W656T5
2024-02-07 10:28:21 - VO5230S 54 W44/11
2024-02-07 10:28:21 - VO5243SB 53 W44/11
2024-02-07 10:28:21 - VO5337S 53 W44/87
2024-02-07 10:28:21 - VO5338S 54 28368J
2024-02-07 10:28:21 - VO5338S 54 295087
2024-02-07 10:28:21 - VO5338S 54 W44/11
2024-02-07 10:28:21 - VO5338S 54 W65613
2024-02-07 10:28:21 - VO5339S 52 W44/11
2024-02-07 10:28:21 - VO5352S 56 W44/87
2024-02-07 10:28:21 - VO5353S 54 28671
2024-02-07 10:28:21 - VO5353S 54 W65613
2024-02-07 10:28:21 - VO5380S 50 282080
2024-02-07 10:28:21 - VO5411S 54 W65613
2024-02-07 10:28:21 - VO5426S 54 W44/87
2024-02-07 10:28:21 - VO5428S 51 W44/11
2024-02-07 10:28:21 - VO5462S 54 W44/11
2024-02-07 10:28:21 - VO5479S 53 1508T5
2024-02-07 10:28:21 - VO5479S 53 W44/87
2024-02-07 10:28:21 - VO5484S 57 W65673
2024-02-07 10:28:21 - VO5488S 56 W44/11
2024-02-07 10:28:21 - W-217HM-7BVEF
2024-02-07 10:28:21 - W-218HC-4AVEF
2024-02-07 10:28:21 - W-218HC-8AVEF
2024-02-07 10:28:21 - W-219H-1A2VEF
2024-02-07 10:28:21 - WS-1300H-1AVEF
2024-02-07 10:28:21 - WS-1300H-2AVEF
2024-02-07 10:28:21 - WS-1400H-1AVDF
2024-02-07 10:28:21 - ZEA412930
2024-02-07 10:29:41 - ﻿1-1645.1D
2024-02-07 10:29:41 - 1-1645J
2024-02-07 10:29:41 - 1-1645P
2024-02-07 10:29:41 - 1-1645R
2024-02-07 10:29:41 - 1-1744E
2024-02-07 10:29:41 - 1-1799B
2024-02-07 10:29:41 - 1-1799F
2024-02-07 10:29:41 - 1-1850ZA
2024-02-07 10:29:41 - 1-1852ZB
2024-02-07 10:29:41 - 1-1878B
2024-02-07 10:29:41 - 1-1878C
2024-02-07 10:29:41 - 1-1878D
2024-02-07 10:29:41 - 1-1998E
2024-02-07 10:29:41 - 1-2002A
2024-02-07 10:29:41 - 1-2002B
2024-02-07 10:29:41 - 1-2002Q
2024-02-07 10:29:41 - 1-2002R
2024-02-07 10:29:41 - 1-2003J
2024-02-07 10:29:41 - 1-2022.1A
2024-02-07 10:29:41 - 1-2022.1L
2024-02-07 10:29:41 - 1-2022H
2024-02-07 10:29:41 - 1-2026B
2024-02-07 10:29:41 - 1-2091A
2024-02-07 10:29:41 - 1-2099B.1
2024-02-07 10:29:41 - 1-2099C
2024-02-07 10:29:41 - 1-2110A
2024-02-07 10:29:41 - 1-2110B
2024-02-07 10:29:41 - 1-2110C
2024-02-07 10:29:41 - 1-2110D
2024-02-07 10:29:41 - 1-2110L
2024-02-07 10:29:41 - 1-2110M
2024-02-07 10:29:41 - 1-2117E
2024-02-07 10:29:41 - 1-2117H
2024-02-07 10:29:41 - 1-2117R
2024-02-07 10:29:41 - 1-2117T
2024-02-07 10:29:41 - 1-2118C
2024-02-07 10:29:41 - 1-2119H
2024-02-07 10:29:41 - 1-2140A
2024-02-07 10:29:41 - 1-2140B
2024-02-07 10:29:41 - 1-2140C
2024-02-07 10:29:41 - 1-2140E
2024-02-07 10:29:41 - 1-2140F
2024-02-07 10:29:41 - 1-2140G
2024-02-07 10:29:41 - 1-2140H
2024-02-07 10:29:41 - 1-2140I
2024-02-07 10:29:41 - 1-2141I
2024-02-07 10:29:41 - 1-2142A
2024-02-07 10:29:41 - 1-2142B
2024-02-07 10:29:41 - 1-2142C
2024-02-07 10:29:41 - 1-2143A
2024-02-07 10:29:41 - 1-2143B
2024-02-07 10:29:41 - 1-2143C
2024-02-07 10:29:41 - 1-2160.1B
2024-02-07 10:29:41 - 1-2160.1G
2024-02-07 10:29:41 - 1-2160.1M
2024-02-07 10:29:41 - 15659JSB/14
2024-02-07 10:29:41 - 15724JSB/03
2024-02-07 10:29:41 - 15967JS-04P
2024-02-07 10:29:41 - 16018JSBR/02
2024-02-07 10:29:41 - 2132 55 901/58
2024-02-07 10:29:41 - 2132 58 901/58
2024-02-07 10:29:41 - 2205 60901/31
2024-02-07 10:29:41 - 231309
2024-02-07 10:29:41 - 231389
2024-02-07 10:29:41 - 231410
2024-02-07 10:29:41 - 231492
2024-02-07 10:29:41 - 231792
2024-02-07 10:29:41 - 231793
2024-02-07 10:29:41 - 231794
2024-02-07 10:29:41 - 231795
2024-02-07 10:29:41 - 231798
2024-02-07 10:29:41 - 231811
2024-02-07 10:29:41 - 231838
2024-02-07 10:29:41 - 231969
2024-02-07 10:29:41 - 231970
2024-02-07 10:29:41 - 232029
2024-02-07 10:29:41 - 232030
2024-02-07 10:29:41 - 232032
2024-02-07 10:29:41 - 232044
2024-02-07 10:29:41 - 232046
2024-02-07 10:29:41 - 232114
2024-02-07 10:29:41 - 232121
2024-02-07 10:29:41 - 232126
2024-02-07 10:29:41 - 232137
2024-02-07 10:29:41 - 232187
2024-02-07 10:29:41 - 232196
2024-02-07 10:29:41 - 232201
2024-02-07 10:29:41 - 232203
2024-02-07 10:29:41 - 232227
2024-02-07 10:29:41 - 232230
2024-02-07 10:29:41 - 232232
2024-02-07 10:29:41 - 232237
2024-02-07 10:29:41 - 232262
2024-02-07 10:29:41 - 232263
2024-02-07 10:29:41 - 232269
2024-02-07 10:29:41 - 232287
2024-02-07 10:29:41 - 232294
2024-02-07 10:29:41 - 232296
2024-02-07 10:29:41 - 232297
2024-02-07 10:29:41 - 232298
2024-02-07 10:29:41 - 232314
2024-02-07 10:29:41 - 232315
2024-02-07 10:29:41 - 232332
2024-02-07 10:29:41 - 232335
2024-02-07 10:29:41 - 232341
2024-02-07 10:29:41 - 232342
2024-02-07 10:29:41 - 232344
2024-02-07 10:29:41 - 232345
2024-02-07 10:29:41 - 232346
2024-02-07 10:29:41 - 232347
2024-02-07 10:29:41 - 232358
2024-02-07 10:29:41 - 232365
2024-02-07 10:29:41 - 232370
2024-02-07 10:29:41 - 232380
2024-02-07 10:29:41 - 232396
2024-02-07 10:29:41 - 232399
2024-02-07 10:29:41 - 232402
2024-02-07 10:29:41 - 232403
2024-02-07 10:29:41 - 232404
2024-02-07 10:29:41 - 232418
2024-02-07 10:29:41 - 232445
2024-02-07 10:29:41 - 232452
2024-02-07 10:29:41 - 251324
2024-02-07 10:29:41 - 251336
2024-02-07 10:29:41 - 251383
2024-02-07 10:29:41 - 251426
2024-02-07 10:29:41 - 251431
2024-02-07 10:29:41 - 251491
2024-02-07 10:29:41 - 251578
2024-02-07 10:29:41 - 251610
2024-02-07 10:29:41 - 251629
2024-02-07 10:29:41 - 251651
2024-02-07 10:29:41 - 251652
2024-02-07 10:29:41 - 251664
2024-02-07 10:29:41 - 251681
2024-02-07 10:29:41 - 251682
2024-02-07 10:29:41 - 251709
2024-02-07 10:29:41 - 251713
2024-02-07 10:29:41 - 251758
2024-02-07 10:29:41 - 251767
2024-02-07 10:29:41 - 251784
2024-02-07 10:29:41 - 251787
2024-02-07 10:29:41 - 251788
2024-02-07 10:29:41 - 251789
2024-02-07 10:29:41 - 251792
2024-02-07 10:29:41 - 251795
2024-02-07 10:29:41 - 251804
2024-02-07 10:29:41 - 251806
2024-02-07 10:29:41 - 251820
2024-02-07 10:29:41 - 251821
2024-02-07 10:29:41 - 251822
2024-02-07 10:29:41 - 251823
2024-02-07 10:29:41 - 251824
2024-02-07 10:29:41 - 251825
2024-02-07 10:29:41 - 251831
2024-02-07 10:29:41 - 251836
2024-02-07 10:29:41 - 251842
2024-02-07 10:29:41 - 251890
2024-02-07 10:29:41 - 251895
2024-02-07 10:29:41 - 251896
2024-02-07 10:29:41 - 261152
2024-02-07 10:29:41 - 261243
2024-02-07 10:29:41 - 261249
2024-02-07 10:29:41 - 261262
2024-02-07 10:29:41 - 261271
2024-02-07 10:29:41 - 261283
2024-02-07 10:29:41 - 261300
2024-02-07 10:29:41 - 261313
2024-02-07 10:29:41 - 261316
2024-02-07 10:29:41 - 261325
2024-02-07 10:29:41 - 261328
2024-02-07 10:29:41 - 261329
2024-02-07 10:29:41 - 261331
2024-02-07 10:29:41 - 261335
2024-02-07 10:29:41 - 261336
2024-02-07 10:29:41 - 261338
2024-02-07 10:29:41 - 261342
2024-02-07 10:29:41 - 261343
2024-02-07 10:29:41 - 261347
2024-02-07 10:29:41 - 261350
2024-02-07 10:29:41 - 261353
2024-02-07 10:29:41 - 261356
2024-02-07 10:29:41 - 261357
2024-02-07 10:29:41 - 261360
2024-02-07 10:29:41 - 261361
2024-02-07 10:29:41 - 261362
2024-02-07 10:29:41 - 261372
2024-02-07 10:29:41 - 261375
2024-02-07 10:29:41 - 261376
2024-02-07 10:29:41 - 261393
2024-02-07 10:29:41 - 261394
2024-02-07 10:29:41 - 261395
2024-02-07 10:29:41 - 261396
2024-02-07 10:29:41 - 261406
2024-02-07 10:29:41 - 261424
2024-02-07 10:29:41 - 30093WLC.01
2024-02-07 10:29:41 - 30107WLB.01
2024-02-07 10:29:41 - 3010WLB.02
2024-02-07 10:29:41 - 3016 51 1367B1
2024-02-07 10:29:41 - 3025 58 003/3F
2024-02-07 10:29:41 - 3025 58 W3400
2024-02-07 10:29:41 - 3025 58001/3F
2024-02-07 10:29:41 - 3025 58001/51
2024-02-07 10:29:41 - 3025 58002/58
2024-02-07 10:29:41 - 3025 58004/78
2024-02-07 10:29:41 - 3025 62 001
2024-02-07 10:29:41 - 3025 62 001/3F
2024-02-07 10:29:41 - 3025 62 002/58
2024-02-07 10:29:41 - 3025 62 003/3F
2024-02-07 10:29:41 - 3025 62 004/78
2024-02-07 10:29:41 - 3025 62001/3M
2024-02-07 10:29:41 - 3025 62001/51
2024-02-07 10:29:41 - 3025 62001/58
2024-02-07 10:29:41 - 3138 58 923931
2024-02-07 10:29:41 - 3183 63 004/9A
2024-02-07 10:29:41 - 3386 63 004/9A
2024-02-07 10:29:41 - 3447 47 001
2024-02-07 10:29:41 - 3447 47 001/3M
2024-02-07 10:29:41 - 3447 50 001
2024-02-07 10:29:41 - 3447 53 001/3M
2024-02-07 10:29:41 - 3447 53 001/71
2024-02-07 10:29:41 - 3447 53 919631
2024-02-07 10:29:41 - 3447 53001
2024-02-07 10:29:41 - 3498 61002/71
2024-02-07 10:29:41 - 3498 64002/71
2024-02-07 10:29:41 - 3526 63 029/9A
2024-02-07 10:29:41 - 3527 61 006/71
2024-02-07 10:29:41 - 3527 61 029/9A
2024-02-07 10:29:41 - 3533 57 002/71
2024-02-07 10:29:41 - 3548 51 001/3F
2024-02-07 10:29:41 - 3548 54 001/3F
2024-02-07 10:29:41 - 3548 54 919631
2024-02-07 10:29:41 - 3548N 51 001/58
2024-02-07 10:29:41 - 3548N 54 002/58
2024-02-07 10:29:41 - 3549 61 006/71
2024-02-07 10:29:41 - 3556N 53 001
2024-02-07 10:29:41 - 3625 91963162
2024-02-07 10:29:41 - 3672 60 004/9A
2024-02-07 10:29:41 - 3683 56 002/31
2024-02-07 10:29:41 - 3689 62 001/GD
2024-02-07 10:29:41 - 3689 91473162
2024-02-07 10:29:41 - 3699 56001/51
2024-02-07 10:29:41 - 4068 60 601
2024-02-07 10:29:41 - 4147 60 601/58
2024-02-07 10:29:41 - 4147 601/3256
2024-02-07 10:29:41 - 4147 60601/80
2024-02-07 10:29:41 - 4147 60958560
2024-02-07 10:29:41 - 4165 55 865/T5
2024-02-07 10:29:41 - 4165 55601/71
2024-02-07 10:29:41 - 4165 55601/8G
2024-02-07 10:29:41 - 4171 54 622/T3
2024-02-07 10:29:41 - 4171 54 865/13
2024-02-07 10:29:41 - 4187 54 622/8G
2024-02-07 10:29:41 - 42-2C
2024-02-07 10:29:41 - 4232 57 601/71
2024-02-07 10:29:41 - 42-6.1B
2024-02-07 10:29:41 - 42-6.1F
2024-02-07 10:29:41 - 4300 601SR563
2024-02-07 10:29:41 - 4378 54 601/71
2024-02-07 10:29:41 - 4547 60 601/32
2024-02-07 10:29:41 - 533269
2024-02-07 10:29:41 - A159WGEA-9ADF
2024-02-07 10:29:41 - A168WEGC-3E
2024-02-07 10:29:41 - A168WER-2AEF
2024-02-07 10:29:41 - A168WERG-2AEF
2024-02-07 10:29:41 - AE-1000W-1AVEF
2024-02-07 10:29:41 - AE-1000W-1BVEF
2024-02-07 10:29:41 - AKUMULATOR
2024-02-07 10:29:41 - ALKICA GUMA
2024-02-07 10:29:41 - AW-49H-7E
2024-02-07 10:29:41 - B57011/1
2024-02-07 10:29:41 - B57011/3
2024-02-07 10:29:41 - B62001/1
2024-02-07 10:29:41 - B62001/3
2024-02-07 10:29:41 - B62001/5
2024-02-07 10:29:41 - B63001/2
2024-02-07 10:29:41 - BAT
2024-02-07 10:29:41 - BAT 1
2024-02-07 10:29:41 - BAT 2
2024-02-07 10:29:41 - BAT 3
2024-02-07 10:29:41 - BAT ZA BUDILI
2024-02-07 10:29:41 - BEZEL GA100
2024-02-07 10:29:41 - BG.1.10022-5
2024-02-07 10:29:41 - BG.1.10075-1
2024-02-07 10:29:41 - BG.1.10075-2
2024-02-07 10:29:41 - BG.1.10075-5
2024-02-07 10:29:41 - BG.1.10157-1
2024-02-07 10:29:41 - BG.1.10247-3
2024-02-07 10:29:41 - BG.1.10251-1
2024-02-07 10:29:41 - BG.1.10251-5
2024-02-07 10:29:41 - BG.1.10257-2
2024-02-07 10:29:41 - BG.1.10257-3
2024-02-07 10:29:41 - BG.1.10257-5
2024-02-07 10:29:41 - BG.1.10291-1
2024-02-07 10:29:41 - BG.1.10301-1
2024-02-07 10:29:41 - BG.1.10308-2
2024-02-07 10:29:41 - BG.1.10308-3
2024-02-07 10:29:41 - BG.1.10315-4
2024-02-07 10:29:41 - BG.1.10324-1
2024-02-07 10:29:41 - BG.1.10324-2
2024-02-07 10:29:41 - BG.1.10327-1
2024-02-07 10:29:41 - BG.1.10327-2
2024-02-07 10:29:41 - BG.1.10327-3
2024-02-07 10:29:41 - BG.1.10327-4
2024-02-07 10:29:41 - BG.1.10329-3
2024-02-07 10:29:41 - BG.1.10379-1
2024-02-07 10:29:41 - BG.1.10380-4
2024-02-07 10:29:41 - BG.1.10386-3
2024-02-07 10:29:41 - BG.1.10387-4
2024-02-07 10:29:41 - BG.1.10387-6
2024-02-07 10:29:41 - BG.1.10390-6
2024-02-07 10:29:41 - BG.1.10394-1
2024-02-07 10:29:41 - BG.1.10394-2
2024-02-07 10:29:41 - BG.1.10394-4
2024-02-07 10:29:41 - BG.1.10402-3
2024-02-07 10:29:41 - BG.1.10406-2
2024-02-07 10:29:41 - BG.1.10406-4
2024-02-07 10:29:41 - BG.1.10413-1
2024-02-07 10:29:41 - BG.1.10413-2
2024-02-07 10:29:41 - BG.1.10413-3
2024-02-07 10:29:41 - BG.1.10413-5
2024-02-07 10:29:41 - BG.1.10413-6
2024-02-07 10:29:41 - BG.1.10429-4
2024-02-07 10:29:41 - BG.1.10431-3
2024-02-07 10:29:41 - BG.1.10431-4
2024-02-07 10:29:41 - BG.1.10431-5
2024-02-07 10:29:41 - BG.1.10434-4
2024-02-07 10:29:41 - BG.1.10453-3
2024-02-07 10:29:41 - BG.1.10453-4
2024-02-07 10:29:41 - BG.1.10453-5
2024-02-07 10:29:41 - BG.1.10454-1
2024-02-07 10:29:41 - BG.1.10454-2
2024-02-07 10:29:41 - BG.1.10454-5
2024-02-07 10:29:41 - BG.1.10455-3
2024-02-07 10:29:41 - BG.1.10462-1
2024-02-07 10:29:41 - BG.1.10462-3
2024-02-07 10:29:41 - BG.1.10467-4
2024-02-07 10:29:41 - BG.1.10468-2
2024-02-07 10:29:41 - BG.1.10468-3
2024-02-07 10:29:41 - BG.1.10469-3
2024-02-07 10:29:41 - BG.1.10469-4
2024-02-07 10:29:41 - BG.1.10469-5
2024-02-07 10:29:41 - BG.1.10470-3
2024-02-07 10:29:41 - BG.1.10470-4
2024-02-07 10:29:41 - BG.1.10485-2
2024-02-07 10:29:41 - BG.1.10485-4
2024-02-07 10:29:41 - BG.1.10488-1
2024-02-07 10:29:41 - BG.1.10488-3
2024-02-07 10:29:41 - BG.1.10488-4
2024-02-07 10:29:41 - BG.1.10490-4
2024-02-07 10:29:41 - BG.1.10491-1
2024-02-07 10:29:41 - BG.1.10491-2
2024-02-07 10:29:41 - BG.1.10491-5
2024-02-07 10:29:41 - BG.1.10492-4
2024-02-07 10:29:41 - BG.1.10496-1
2024-02-07 10:29:41 - BG.1.10496-4
2024-02-07 10:29:41 - BG.1.10496-5
2024-02-07 10:29:41 - BG.1.10497-1
2024-02-07 10:29:41 - BG.1.10497-2
2024-02-07 10:29:41 - BG.1.10497-4
2024-02-07 10:29:41 - BG.1.10498-5
2024-02-07 10:29:41 - BG.1.10503-2
2024-02-07 10:29:41 - BG.1.10503-4
2024-02-07 10:29:41 - BG.1.10503-5
2024-02-07 10:29:41 - BG.1.10507-1
2024-02-07 10:29:41 - BG.1.10507-3
2024-02-07 10:29:41 - BG.1.10507-5
2024-02-07 10:29:41 - CAPICE
2024-02-07 10:29:41 - CC-AP-10M
2024-02-07 10:29:41 - CC-AP-30M
2024-02-07 10:29:41 - CC-AP-46
2024-02-07 10:29:41 - CC-AP-81-W
2024-02-07 10:29:41 - CC-BK-10M
2024-02-07 10:29:41 - CC-BK-10M-P
2024-02-07 10:29:41 - CC-BK-10M-W
2024-02-07 10:29:41 - CC-BK-30M
2024-02-07 10:29:41 - CC-BK-30M-W
2024-02-07 10:29:41 - CC-BK-30-P
2024-02-07 10:29:41 - CC-BK-34P
2024-02-07 10:29:41 - CC-BK-46
2024-02-07 10:29:41 - CC-BK-46-W
2024-02-07 10:29:41 - CC-BK-50-P
2024-02-07 10:29:41 - CC-BK-50-W
2024-02-07 10:29:41 - CC-BK-81-P
2024-02-07 10:29:41 - CC-BK-ST-W
2024-02-07 10:29:41 - CC-FL-10M-P
2024-02-07 10:29:41 - CC-FL-10M-W
2024-02-07 10:29:41 - CC-FL-30M-W
2024-02-07 10:29:41 - CC-GI-10M
2024-02-07 10:29:41 - CCM-BE-B
2024-02-07 10:29:41 - CCM-BK-50-W
2024-02-07 10:29:41 - CCM-BK-B
2024-02-07 10:29:41 - CC-MC-10M
2024-02-07 10:29:41 - CC-MC-16
2024-02-07 10:29:41 - CC-MC-30M
2024-02-07 10:29:41 - CC-MC-30-W
2024-02-07 10:29:41 - CC-MC-46
2024-02-07 10:29:41 - CC-MC-46-P
2024-02-07 10:29:41 - CC-MC-50-P
2024-02-07 10:29:41 - CC-MC-81
2024-02-07 10:29:41 - CCM-MG-50
2024-02-07 10:29:41 - CCM-MG-B
2024-02-07 10:29:41 - CC-NP-30M
2024-02-07 10:29:41 - CC-OR-34P-W
2024-02-07 10:29:41 - CC-PH-10M-P
2024-02-07 10:29:41 - CC-PH-36-W
2024-02-07 10:29:41 - CC-RD-10M
2024-02-07 10:29:41 - CC-RD-10-MB
2024-02-07 10:29:41 - CC-RD-34P
2024-02-07 10:29:41 - CC-RD-34P-W
2024-02-07 10:29:41 - CC-RD-36-W
2024-02-07 10:29:41 - CC-RD-46
2024-02-07 10:29:41 - CC-RD-50-W
2024-02-07 10:29:41 - CC-RD-81
2024-02-07 10:29:41 - CC-RD-81-W
2024-02-07 10:29:41 - CC-RD-DR
2024-02-07 10:29:41 - CC-RD-NS
2024-02-07 10:29:41 - CC-RD-PLM
2024-02-07 10:29:41 - CC-SL-46-W
2024-02-07 10:29:41 - CC-SL-50S-P
2024-02-07 10:29:41 - CG10106
2024-02-07 10:29:41 - CW0101201001
2024-02-07 10:29:41 - CW0101201002
2024-02-07 10:29:41 - CW0101201003
2024-02-07 10:29:41 - CW0101201004
2024-02-07 10:29:41 - CW0101201005
2024-02-07 10:29:41 - CW0101201006
2024-02-07 10:29:41 - CW0101201008
2024-02-07 10:29:41 - CW0101201009
2024-02-07 10:29:41 - CW0101201013
2024-02-07 10:29:41 - CW0101201014
2024-02-07 10:29:41 - CW0101201025
2024-02-07 10:29:41 - CW0101203001
2024-02-07 10:29:41 - CW0101203002
2024-02-07 10:29:41 - CW0101203004
2024-02-07 10:29:41 - CW0101203005
2024-02-07 10:29:41 - CW0101203007
2024-02-07 10:29:41 - CW0101203009
2024-02-07 10:29:41 - CW0101203012
2024-02-07 10:29:41 - CW0101203017
2024-02-07 10:29:41 - CW0101203025
2024-02-07 10:29:41 - CW0101207002
2024-02-07 10:29:41 - CW0101211001
2024-02-07 10:29:41 - CW0101211003
2024-02-07 10:29:41 - CW0101211004
2024-02-07 10:29:41 - CW0101211007
2024-02-07 10:29:41 - CW10203
2024-02-07 10:29:41 - CW10205
2024-02-07 10:29:41 - CW10206
2024-02-07 10:29:41 - CW10207
2024-02-07 10:29:41 - CW10208
2024-02-07 10:29:41 - CW10307
2024-02-07 10:29:41 - CW10308
2024-02-07 10:29:41 - CW10310
2024-02-07 10:29:41 - CW10502
2024-02-07 10:29:41 - CW10503
2024-02-07 10:29:41 - CW10504
2024-02-07 10:29:41 - CW11207
2024-02-07 10:29:41 - CW11217
2024-02-07 10:29:41 - CW11502
2024-02-07 10:29:41 - CW11503
2024-02-07 10:29:41 - CW11504
2024-02-07 10:29:41 - CW11506
2024-02-07 10:29:41 - CW11507
2024-02-07 10:29:41 - CW11509
2024-02-07 10:29:41 - CW11510
2024-02-07 10:29:41 - CW11705
2024-02-07 10:29:41 - CW11706
2024-02-07 10:29:41 - CW11707
2024-02-07 10:29:41 - CW11708
2024-02-07 10:29:41 - CW11801
2024-02-07 10:29:41 - CW11802
2024-02-07 10:29:41 - CW11803
2024-02-07 10:29:41 - CW11805
2024-02-07 10:29:41 - CW11806
2024-02-07 10:29:41 - CW11901
2024-02-07 10:29:41 - CW11902
2024-02-07 10:29:41 - CW11903
2024-02-07 10:29:41 - CW11904
2024-02-07 10:29:41 - DCB-32D-1AES
2024-02-07 10:29:41 - DK.1.12287-4
2024-02-07 10:29:41 - DK.1.12513-4
2024-02-07 10:29:41 - DK.1.12739-3
2024-02-07 10:29:41 - DK.1.12830-4
2024-02-07 10:29:41 - DK.1.12909-1
2024-02-07 10:29:41 - DK.1.12915-1
2024-02-07 10:29:41 - DK.1.12922-3
2024-02-07 10:29:41 - DK.1.12922-4
2024-02-07 10:29:41 - DK.1.12957-4
2024-02-07 10:29:41 - DK.1.12997-5
2024-02-07 10:29:41 - DK.1.13029-1
2024-02-07 10:29:41 - DK.1.13126-1
2024-02-07 10:29:41 - DK.1.13126-3
2024-02-07 10:29:41 - DK.1.13170-1
2024-02-07 10:29:41 - DK.1.13170-2
2024-02-07 10:29:41 - DK.1.13205-1
2024-02-07 10:29:41 - DK.1.13205-3
2024-02-07 10:29:41 - DK.1.13205-4
2024-02-07 10:29:41 - DK.1.13205-6
2024-02-07 10:29:41 - DK.1.13208-2
2024-02-07 10:29:41 - DK.1.13209-2
2024-02-07 10:29:41 - DK.1.13209-3
2024-02-07 10:29:41 - DK.1.13214-1
2024-02-07 10:29:41 - DK.1.13217-3
2024-02-07 10:29:41 - DK.1.13218-1
2024-02-07 10:29:41 - DK.1.13219-3
2024-02-07 10:29:41 - DK.1.13220-1
2024-02-07 10:29:41 - DK.1.13220-2
2024-02-07 10:29:41 - DK.1.13236-4
2024-02-07 10:29:41 - DK.1.13241-1
2024-02-07 10:29:41 - DK.1.13243-1
2024-02-07 10:29:41 - DK.1.13245-4
2024-02-07 10:29:41 - DK.1.13245-6
2024-02-07 10:29:41 - DK.1.13246-1
2024-02-07 10:29:41 - DK.1.13246-4
2024-02-07 10:29:41 - DK.1.13249-1
2024-02-07 10:29:41 - DK.1.13249-5
2024-02-07 10:29:41 - DK.1.13249-6
2024-02-07 10:29:41 - DK.1.13254-3
2024-02-07 10:29:41 - DK.1.13254-4
2024-02-07 10:29:41 - DK.1.13254-5
2024-02-07 10:29:41 - DK.1.13259-4
2024-02-07 10:29:41 - DK.1.13264-3
2024-02-07 10:29:41 - DK.1.13277-3
2024-02-07 10:29:41 - DK.1.13295-1
2024-02-07 10:29:41 - DK.1.13337-5
2024-02-07 10:29:41 - DK.1.13341-1
2024-02-07 10:29:41 - DK.1.13341-5
2024-02-07 10:29:41 - DK.1.13341-6
2024-02-07 10:29:41 - DK.1.13342-1
2024-02-07 10:29:41 - DK.1.13342-5
2024-02-07 10:29:41 - DK.1.13342-6
2024-02-07 10:29:41 - DK.1.13347-4
2024-02-07 10:29:41 - DK.1.13347-5
2024-02-07 10:29:41 - DK.1.13349-1
2024-02-07 10:29:41 - DK.1.13355-2
2024-02-07 10:29:41 - DK.1.13355-4
2024-02-07 10:29:41 - DK.1.13374-1
2024-02-07 10:29:41 - DK.1.13374-3
2024-02-07 10:29:41 - DK.1.13388-1
2024-02-07 10:29:41 - DK.1.13428-4
2024-02-07 10:29:41 - DK.1.13449-2
2024-02-07 10:29:41 - DK.1.13450-1
2024-02-07 10:29:41 - DK.1.13450-2
2024-02-07 10:29:41 - DK.1.13462-2
2024-02-07 10:29:41 - DK.1.13471-2
2024-02-07 10:29:41 - DK.1.13486-1
2024-02-07 10:29:41 - DK.1.13486-4
2024-02-07 10:29:41 - DK.1.13486-5
2024-02-07 10:29:41 - DK.1.13488-1
2024-02-07 10:29:41 - DK.1.13488-2
2024-02-07 10:29:41 - DK.1.13488-4
2024-02-07 10:29:41 - DK.1.13494-1
2024-02-07 10:29:41 - DK.1.13494-2
2024-02-07 10:29:41 - DK.1.13523-4
2024-02-07 10:29:41 - DK.1.13523-5
2024-02-07 10:29:41 - DK.1.13525-2
2024-02-07 10:29:41 - DK.1.13528-2
2024-02-07 10:29:41 - DK.1.13528-5
2024-02-07 10:29:41 - DK.1.13530-3
2024-02-07 10:29:41 - DK.1.13536-3
2024-02-07 10:29:41 - DK.1.13557-1
2024-02-07 10:29:41 - DK.1.13557-4
2024-02-07 10:29:41 - DK.1.13569-1
2024-02-07 10:29:41 - DK12067-1
2024-02-07 10:29:41 - DK3160.C6
2024-02-07 10:29:41 - DK3165.C5
2024-02-07 10:29:41 - DK3170.C3
2024-02-07 10:29:41 - DK3179.C2
2024-02-07 10:29:41 - DK3210.C4
2024-02-07 10:29:41 - DK3218.C3
2024-02-07 10:29:41 - DK3223.C4
2024-02-07 10:29:41 - DK3224.C2
2024-02-07 10:29:41 - DK3237.C2
2024-02-07 10:29:41 - DK3242.C3
2024-02-07 10:29:41 - DK3246.C3
2024-02-07 10:29:41 - DK4172.C2
2024-02-07 10:29:41 - DK4172.C4
2024-02-07 10:29:41 - DK4173.C3
2024-02-07 10:29:41 - DK4173.C5
2024-02-07 10:29:41 - DK4176.C3
2024-02-07 10:29:41 - DK4176.C5
2024-02-07 10:29:41 - DK4182.C1
2024-02-07 10:29:41 - DK4182.C2
2024-02-07 10:29:41 - DK4215.C7
2024-02-07 10:29:41 - DK4224.C4
2024-02-07 10:29:41 - DK4238.C3
2024-02-07 10:29:41 - DK4245P.C1
2024-02-07 10:29:41 - DK4245P.C3
2024-02-07 10:29:41 - DK4293P.C3
2024-02-07 10:29:41 - DK4293P.C4
2024-02-07 10:29:41 - DK4295.C3
2024-02-07 10:29:41 - DKJ.2.2080-3
2024-02-07 10:29:41 - DKJ.3.1001-2
2024-02-07 10:29:41 - DKJ.3.1001-3
2024-02-07 10:29:41 - DKJ.3.1008-2
2024-02-07 10:29:41 - DKJ.3.1063-2
2024-02-07 10:29:41 - DKJ.3.1063-3
2024-02-07 10:29:41 - DKJ.3.1064-1
2024-02-07 10:29:41 - DKJ.3.1064-2
2024-02-07 10:29:41 - DKJ.3.1064-3
2024-02-07 10:29:41 - DKJ.3.5020-1
2024-02-07 10:29:41 - DKJ.3.5020-2
2024-02-07 10:29:41 - DKJ.3.5020-3
2024-02-07 10:29:41 - DKJ.3.5027-2
2024-02-07 10:29:41 - DKJ.3.5027-3
2024-02-07 10:29:41 - DKJ.3.5031-1
2024-02-07 10:29:41 - DKJ.3.5031-2
2024-02-07 10:29:41 - DKJ.3.5031-3
2024-02-07 10:29:41 - DKJ.4.4009-2
2024-02-07 10:29:41 - DKJ.4.4012-1
2024-02-07 10:29:41 - DKJ.4.4012-3
2024-02-07 10:29:41 - DKJ.4.4012-4
2024-02-07 10:29:41 - DKJ.4.4013-4
2024-02-07 10:29:41 - DKJ.4.4135-3
2024-02-07 10:29:41 - DKJ.4.4135-4
2024-02-07 10:29:41 - DKJ.6.2158-2
2024-02-07 10:29:41 - DKJ.6.2158-3
2024-02-07 10:29:41 - DKJ.6.2158-4
2024-02-07 10:29:41 - DKJ.6.2185-2
2024-02-07 10:29:41 - DKJ.6.2185-3
2024-02-07 10:29:41 - DZ2165
2024-02-07 10:29:41 - DZ4309
2024-02-07 10:29:41 - DZ4318
2024-02-07 10:29:41 - DZ4323
2024-02-07 10:29:41 - DZ4360
2024-02-07 10:29:41 - DZ7314
2024-02-07 10:29:41 - EA2033 64 309487
2024-02-07 10:29:41 - EA2033 64 313087
2024-02-07 10:29:41 - EA2094 60 300187
2024-02-07 10:29:41 - EA4029 64 508880
2024-02-07 10:29:41 - EA4058 58 506381
2024-02-07 10:29:41 - EA4058 58 547487
2024-02-07 10:29:41 - EA4079 57 504287
2024-02-07 10:29:41 - EA40945017115
2024-02-07 10:29:41 - EA4129 56 504287
2024-02-07 10:29:41 - EA4129 56 50606G
2024-02-07 10:29:41 - EA4161 57 50426G
2024-02-07 10:29:41 - EA4182U 57 54378G
2024-02-07 10:29:41 - EA4184 49 500187
2024-02-07 10:29:41 - EA4191U 64 506387
2024-02-07 10:29:41 - EA4201 58 500187
2024-02-07 10:29:41 - EA4201 58 51266G
2024-02-07 10:29:41 - EF-121D-1AVEG
2024-02-07 10:29:41 - EF-129D-1AVEF
2024-02-07 10:29:41 - EF-527D-1AVEF
2024-02-07 10:29:41 - EF-527D-2AVUEF
2024-02-07 10:29:41 - EF-539D-1AVEF
2024-02-07 10:29:41 - EFB-108D-1AVUEF
2024-02-07 10:29:41 - ES3546
2024-02-07 10:29:41 - ES3988
2024-02-07 10:29:41 - ES4341
2024-02-07 10:29:41 - ES4837
2024-02-07 10:29:41 - F-200W-1ADF
2024-02-07 10:29:41 - FAA02005D9
2024-02-07 10:29:41 - FAC05001B0
2024-02-07 10:29:41 - FAG03001B0
2024-02-07 10:29:41 - FEM65001MW
2024-02-07 10:29:41 - FEM75004B9
2024-02-07 10:29:41 - FT202201F608
2024-02-07 10:29:41 - FT202201F610
2024-02-07 10:29:41 - FT202201F902
2024-02-07 10:29:41 - FT202201F903
2024-02-07 10:29:41 - FT202201F906
2024-02-07 10:29:41 - FT202201F907
2024-02-07 10:29:41 - FT202201R1001
2024-02-07 10:29:41 - FT202201R1005
2024-02-07 10:29:41 - FT202201R1007
2024-02-07 10:29:41 - FUG0Q004B6
2024-02-07 10:29:41 - FUG0Q004D6
2024-02-07 10:29:41 - FUG0Q004W6
2024-02-07 10:29:41 - FUG0Q008B6
2024-02-07 10:29:41 - FUG0Q008D6
2024-02-07 10:29:41 - FUG0Q00AS6
2024-02-07 10:29:41 - FUG1H001D6
2024-02-07 10:29:41 - FUG1H001W6
2024-02-07 10:29:41 - FUG1H001W6 KOM
2024-02-07 10:29:41 - GA-B2100-3AER
2024-02-07 10:29:41 - GMA-S2100MD-4AER
2024-02-07 10:29:41 - GMA-S2100MD-7AER
2024-02-07 10:29:41 - GUMA 1
2024-02-07 10:29:41 - HDA-600B-1BVDF
2024-02-07 10:29:41 - HS-3
2024-02-07 10:29:41 - KARIKA ZA SAT
2024-02-07 10:29:41 - KAZALJKE
2024-02-07 10:29:41 - KLJUČ KRUNICA DIESEL
2024-02-07 10:29:41 - KOPČA
2024-02-07 10:29:41 - KUČIŠTE
2024-02-07 10:29:41 - LA670WES-4AEF
2024-02-07 10:29:41 - LA680WEA-1EF
2024-02-07 10:29:41 - LA680WEGL-4EF
2024-02-07 10:29:41 - LA680WEL-3EF
2024-02-07 10:29:41 - LC06414.420
2024-02-07 10:29:41 - LC06506.355-NL
2024-02-07 10:29:41 - LC06506.661-NL
2024-02-07 10:29:41 - LC06506.692-NL
2024-02-07 10:29:41 - LC06627.120
2024-02-07 10:29:41 - LC06627.420
2024-02-07 10:29:41 - LC06661.350
2024-02-07 10:29:41 - LC06675.351
2024-02-07 10:29:41 - LC06800.331
2024-02-07 10:29:41 - LC06871.530
2024-02-07 10:29:41 - LC06876.430
2024-02-07 10:29:41 - LC06889.669-NL
2024-02-07 10:29:41 - LC06892.410
2024-02-07 10:29:41 - LC06892.430
2024-02-07 10:29:41 - LC06916.539
2024-02-07 10:29:41 - LC06927.090
2024-02-07 10:29:41 - LC06929.060
2024-02-07 10:29:41 - LC06930.530
2024-02-07 10:29:41 - LC06933.130
2024-02-07 10:29:41 - LC06933.330
2024-02-07 10:29:41 - LC06933.530
2024-02-07 10:29:41 - LC06939.130-N
2024-02-07 10:29:41 - LC06939.410-N
2024-02-07 10:29:41 - LC06939.530-N
2024-02-07 10:29:41 - LC07028.110
2024-02-07 10:29:41 - LC07115.530-N
2024-02-07 10:29:41 - LC07132.130
2024-02-07 10:29:41 - LC07167.650
2024-02-07 10:29:41 - LC07232.430
2024-02-07 10:29:41 - LC07232.530
2024-02-07 10:29:41 - LC07236.130
2024-02-07 10:29:41 - LC07236.360
2024-02-07 10:29:41 - LC07236.430
2024-02-07 10:29:41 - LC07250.530
2024-02-07 10:29:41 - LC07251.651
2024-02-07 10:29:41 - LC07252.390
2024-02-07 10:29:41 - LC07270.350
2024-02-07 10:29:41 - LC07295.330
2024-02-07 10:29:41 - LC07301.438
2024-02-07 10:29:41 - LC07310.120
2024-02-07 10:29:41 - LC07310.320
2024-02-07 10:29:41 - LC07319.360
2024-02-07 10:29:41 - LC07326.250-N
2024-02-07 10:29:41 - LC07326.350-N
2024-02-07 10:29:41 - LC07326.390-N
2024-02-07 10:29:41 - LC07339.330
2024-02-07 10:29:41 - LC07344.330
2024-02-07 10:29:41 - LC07348.410
2024-02-07 10:29:41 - LC07372.351
2024-02-07 10:29:41 - LC07387.060
2024-02-07 10:29:41 - LC07390.420
2024-02-07 10:29:41 - LC07391.120
2024-02-07 10:29:41 - LC07391.230
2024-02-07 10:29:41 - LC07401.320
2024-02-07 10:29:41 - LC07401.520
2024-02-07 10:29:41 - LC07413.320
2024-02-07 10:29:41 - LC07436.410
2024-02-07 10:29:41 - LC07474.351
2024-02-07 10:29:41 - LC07474.399
2024-02-07 10:29:41 - LC07474.631
2024-02-07 10:29:41 - LC07474.652
2024-02-07 10:29:41 - LC07478.320
2024-02-07 10:29:41 - LC07483.380
2024-02-07 10:29:41 - LC07483.390
2024-02-07 10:29:41 - LC07489.399
2024-02-07 10:29:41 - LC07489.451
2024-02-07 10:29:41 - LC07512.130
2024-02-07 10:29:41 - LC07512.320
2024-02-07 10:29:41 - LC07512.530
2024-02-07 10:29:41 - LC07514.351
2024-02-07 10:29:41 - LC07514.399
2024-02-07 10:29:41 - LC07531.351
2024-02-07 10:29:41 - LC07544.110
2024-02-07 10:29:41 - LC07544.250
2024-02-07 10:29:41 - LC07544.430
2024-02-07 10:29:41 - LC07544.550
2024-02-07 10:29:41 - LC07549.390
2024-02-07 10:29:41 - LC07552.560
2024-02-07 10:29:41 - LC07562.250
2024-02-07 10:29:41 - LC07562.390
2024-02-07 10:29:41 - LC07567.177
2024-02-07 10:29:41 - LC07567.399
2024-02-07 10:29:41 - LC07567.424
2024-02-07 10:29:41 - LC07567.488
2024-02-07 10:29:41 - LC07573.350
2024-02-07 10:29:41 - LC07573.650
2024-02-07 10:29:41 - LC07578.177
2024-02-07 10:29:41 - LC07578.322
2024-02-07 10:29:41 - LC07578.451
2024-02-07 10:29:41 - LC07592.060
2024-02-07 10:29:41 - LC07592.690
2024-02-07 10:29:41 - LC07598.351
2024-02-07 10:29:41 - LC07598.377
2024-02-07 10:29:41 - LC07598.399
2024-02-07 10:29:41 - LC07599.230
2024-02-07 10:29:41 - LC07599.270
2024-02-07 10:29:41 - LC07599.530
2024-02-07 10:29:41 - LC07612.130
2024-02-07 10:29:41 - LC07612.220
2024-02-07 10:29:41 - LC07612.390
2024-02-07 10:29:41 - LC07612.450
2024-02-07 10:29:41 - LC07612.520
2024-02-07 10:29:41 - LC07617.060
2024-02-07 10:29:41 - LC07617.270
2024-02-07 10:29:41 - LC07617.390
2024-02-07 10:29:41 - LC07627.070
2024-02-07 10:29:41 - LC07627.540
2024-02-07 10:29:41 - LC07635.351
2024-02-07 10:29:41 - LC07635.499
2024-02-07 10:29:41 - LC07635.657
2024-02-07 10:29:41 - LC07635.658
2024-02-07 10:29:41 - LC07641.060
2024-02-07 10:29:41 - LC07641.350
2024-02-07 10:29:41 - LC07646.166
2024-02-07 10:29:41 - LC07646.417
2024-02-07 10:29:41 - LC07650.651
2024-02-07 10:29:41 - LC07670.060
2024-02-07 10:29:41 - LC07670.360
2024-02-07 10:29:41 - LC07670.390
2024-02-07 10:29:41 - LC07671.651
2024-02-07 10:29:41 - LC07671.677
2024-02-07 10:29:41 - LC07672.370
2024-02-07 10:29:41 - LC07672.390
2024-02-07 10:29:41 - LC07672.450
2024-02-07 10:29:41 - LC07672.650
2024-02-07 10:29:41 - LC07678.230
2024-02-07 10:29:41 - LC07678.530
2024-02-07 10:29:41 - LC07679.260
2024-02-07 10:29:41 - LC07679.530
2024-02-07 10:29:41 - LC07680.270
2024-02-07 10:29:41 - LC07680.380
2024-02-07 10:29:41 - LC07680.570
2024-02-07 10:29:41 - LC07681.320
2024-02-07 10:29:41 - LC07682.270
2024-02-07 10:29:41 - LC07685.110
2024-02-07 10:29:41 - LC07685.530
2024-02-07 10:29:41 - LC07686.450
2024-02-07 10:29:41 - LC07687.460
2024-02-07 10:29:41 - LC07713.399
2024-02-07 10:29:41 - LC07713.692
2024-02-07 10:29:41 - LL-RD-M-Y
2024-02-07 10:29:41 - LRW-200H-2B
2024-02-07 10:29:41 - LTP-1215A-1ADF
2024-02-07 10:29:41 - LTP-1234PL-7A2EF
2024-02-07 10:29:41 - LTP-1237D-7A2
2024-02-07 10:29:41 - LTP-1275D-1A2DF
2024-02-07 10:29:41 - LTP-1302D-7A1VDF
2024-02-07 10:29:41 - LTP-1302D-7BVDF
2024-02-07 10:29:41 - LTP-1302L-7BVDF
2024-02-07 10:29:41 - LTP-1302PRG-2AVEF
2024-02-07 10:29:41 - LTP-1302PRG-3AVEF
2024-02-07 10:29:41 - LTP-1303D-1AVDF
2024-02-07 10:29:41 - LTP-1303D-7BVDF
2024-02-07 10:29:41 - LTP-1314L-7A
2024-02-07 10:29:41 - LTP-1314L-8AVDF
2024-02-07 10:29:41 - LTP-B150L-7B1EF
2024-02-07 10:29:41 - LTP-B150L-7B2EF
2024-02-07 10:29:41 - LTP-V001D-7BUDF
2024-02-07 10:29:41 - LTP-V001L-1BUDF
2024-02-07 10:29:41 - LTP-V002D-1AUDF
2024-02-07 10:29:41 - LTP-V002L-1AUDF
2024-02-07 10:29:41 - LTP-V002L-1BUDF
2024-02-07 10:29:41 - LTP-V005D-1AUDF
2024-02-07 10:29:41 - LTP-V005D-1BUDF
2024-02-07 10:29:41 - LTP-V005D-7BUDF
2024-02-07 10:29:41 - LTP-V005SG-7A
2024-02-07 10:29:41 - LUR-PGP-10
2024-02-07 10:29:41 - LUR-PGP-11N
2024-02-07 10:29:41 - LW-203-2AVEF
2024-02-07 10:29:41 - MDV-107D-3AVEF
2024-02-07 10:29:41 - MEHANIZAM
2024-02-07 10:29:41 - MK4338
2024-02-07 10:29:41 - MK7218
2024-02-07 10:29:41 - MQ-24-1B2LDF
2024-02-07 10:29:41 - MQ-24-7B2LEG
2024-02-07 10:29:41 - MQ-24-7BLLEG
2024-02-07 10:29:41 - MQ-24S-2BEF
2024-02-07 10:29:41 - MQ-24S-4BEF
2024-02-07 10:29:41 - MQ-24S-7BEF
2024-02-07 10:29:41 - MQ-24UC-2BEF
2024-02-07 10:29:41 - MQ-24UC-3BEF
2024-02-07 10:29:41 - MQ-24UC-4BEF
2024-02-07 10:29:41 - MRW-200H-1B2VEG
2024-02-07 10:29:41 - MRW-200H-1E
2024-02-07 10:29:41 - MRW-200H-2B2VDF
2024-02-07 10:29:41 - MRW-200H-3BVDF
2024-02-07 10:29:41 - MRW-200H-4BVDF
2024-02-07 10:29:41 - MRW-200H-7BVDF
2024-02-07 10:29:41 - MRW-200H-9BVDF
2024-02-07 10:29:41 - MTP-1183A-7ADF
2024-02-07 10:29:41 - MTP-1183A-7BDF
2024-02-07 10:29:41 - MTP-1239D-7ADF
2024-02-07 10:29:41 - MTP-1259PD-7BEG
2024-02-07 10:29:41 - MTP-1302D-7A1VDF
2024-02-07 10:29:41 - MTP-1303D-7BVDF
2024-02-07 10:29:41 - MTP-1303PD-2AVEG
2024-02-07 10:29:41 - MTP-1308D-2AVDF
2024-02-07 10:29:41 - MTP-1314D-7A
2024-02-07 10:29:41 - MTP-V002D-1B3UDF
2024-02-07 10:29:41 - MTP-V002D-2B3UDF
2024-02-07 10:29:41 - MTP-V002D-7B3UDF
2024-02-07 10:29:41 - MTP-V002D-7BUDF
2024-02-07 10:29:41 - MTP-V002L-1BUDF
2024-02-07 10:29:41 - MTP-V004L-1BUDF
2024-02-07 10:29:41 - MWA-100HD-1AVEF
2024-02-07 10:29:41 - PEWJH2228104
2024-02-07 10:29:41 - PEWJJ2110003
2024-02-07 10:29:41 - PEWJK2110840
2024-02-07 10:29:41 - PEWJK2203101
2024-02-07 10:29:41 - PEWJK2204202
2024-02-07 10:29:41 - PEWJK2229405
2024-02-07 10:29:41 - PEWJQ0005303
2024-02-07 10:29:41 - PEWJQ2003541
2024-02-07 10:29:41 - QHE091B
2024-02-07 10:29:41 - QHE091E
2024-02-07 10:29:41 - QHE091R
2024-02-07 10:29:41 - QHE100K
2024-02-07 10:29:41 - QHE100L
2024-02-07 10:29:41 - QHE193N
2024-02-07 10:29:41 - QHE194K
2024-02-07 10:29:41 - QHE194L
2024-02-07 10:29:41 - QHE196S
2024-02-07 10:29:41 - QHK056G
2024-02-07 10:29:41 - QHK058W
2024-02-07 10:29:41 - QHK061K
2024-02-07 10:29:41 - QQ ELEGANCE
2024-02-07 10:29:41 - QQ GUMA
2024-02-07 10:29:41 - QQ GUMA X
2024-02-07 10:29:41 - QQ KOZA XX
2024-02-07 10:29:41 - QQ SILIKON
2024-02-07 10:29:41 - QQ TREND
2024-02-07 10:29:41 - QQ TREND METAL
2024-02-07 10:29:41 - QXA462T
2024-02-07 10:29:41 - R0101S 59 92023A
2024-02-07 10:29:41 - R2301PX-9
2024-02-07 10:29:41 - R2303PX-9
2024-02-07 10:29:41 - R2331PX-9
2024-02-07 10:29:41 - R2335PX-9
2024-02-07 10:29:41 - R2337PX-9
2024-02-07 10:29:41 - R2365NX-9
2024-02-07 10:29:41 - R2397NX-9
2024-02-07 10:29:41 - R2399NX-9
2024-02-07 10:29:41 - RA52201377115
2024-02-07 10:29:41 - RA-AA0C01B19B
2024-02-07 10:29:41 - RA-AA0C02L19B
2024-02-07 10:29:41 - RA-AA0C03S19B
2024-02-07 10:29:41 - RA-AC0F03B10B
2024-02-07 10:29:41 - RA-AC0F04S10B
2024-02-07 10:29:41 - RA-AC0F05B10B
2024-02-07 10:29:41 - RA-AG0009S10B
2024-02-07 10:29:41 - REMEN 1
2024-02-07 10:29:41 - REMEN 2
2024-02-07 10:29:41 - REMEN 3
2024-02-07 10:29:41 - REMEN 7
2024-02-07 10:29:41 - REMEN A168WG-9
2024-02-07 10:29:41 - REMEN D
2024-02-07 10:29:41 - REMEN EF-552-1AV
2024-02-07 10:29:41 - REMEN J.LEMAN
2024-02-07 10:29:41 - REMEN MK
2024-02-07 10:29:41 - REMEN POLICE
2024-02-07 10:29:41 - REZERVNI DJELOVI
2024-02-07 10:29:41 - RG202TX-9
2024-02-07 10:29:41 - RG203VX-9
2024-02-07 10:29:41 - RG204TX-9
2024-02-07 10:29:41 - RG222VX-9
2024-02-07 10:29:41 - RG227VX-9
2024-02-07 10:29:41 - RG229VX-9
2024-02-07 10:29:41 - RG231TX-9
2024-02-07 10:29:41 - RG233UX-9
2024-02-07 10:29:41 - RG236VX-9
2024-02-07 10:29:41 - RG245RX-9
2024-02-07 10:29:41 - RG245UX-9
2024-02-07 10:29:41 - RG288TX-9
2024-02-07 10:29:41 - RG290TX-9
2024-02-07 10:29:41 - RG293RX-9
2024-02-07 10:29:41 - RH937NX-9
2024-02-07 10:29:41 - RH941NX-9
2024-02-07 10:29:41 - RH971PX-9
2024-02-07 10:29:41 - RH979MX-9
2024-02-07 10:29:41 - RH983NX-9
2024-02-07 10:29:41 - RM303HX-9
2024-02-07 10:29:41 - RM307HX-9
2024-02-07 10:29:41 - RM321HX-9
2024-02-07 10:29:41 - RM329HX-9
2024-02-07 10:29:41 - RM333GX-9
2024-02-07 10:29:41 - RM375HX-9
2024-02-07 10:29:41 - RRX47HX-9
2024-02-07 10:29:41 - RRX51DX-9
2024-02-07 10:29:41 - RRX57HX-9
2024-02-07 10:29:41 - RRX61HX-9
2024-02-07 10:29:41 - RRX85HX-9
2024-02-07 10:29:41 - RRX91HX-9
2024-02-07 10:29:41 - RT329JX-9
2024-02-07 10:29:41 - RT377HX-9
2024-02-07 10:29:41 - RT393JX-9
2024-02-07 10:29:41 - RT397JX-9
2024-02-07 10:29:41 - SB4049
2024-02-07 10:29:41 - SB4071
2024-02-07 10:29:41 - SB4202
2024-02-07 10:29:41 - SB4205
2024-02-07 10:29:41 - SEIKO BAT
2024-02-07 10:29:41 - SEIKO KARIKA
2024-02-07 10:29:41 - SE-PGP-16N
2024-02-07 10:29:41 - SE-YGP-NSN
2024-02-07 10:29:41 - SF9331 587SFP
2024-02-07 10:29:41 - SF9331 58U28P
2024-02-07 10:29:41 - SF9331 58U28Z
2024-02-07 10:29:41 - SF9383 620U28
2024-02-07 10:29:41 - SF9383 62968X
2024-02-07 10:29:41 - SF9396 56U28X
2024-02-07 10:29:41 - SF9396V 56U28B
2024-02-07 10:29:41 - SFI005 620531
2024-02-07 10:29:41 - SFI095 55U28P
2024-02-07 10:29:41 - SFI209 53700Y
2024-02-07 10:29:41 - SFI446 630530
2024-02-07 10:29:41 - SFI446 63696B
2024-02-07 10:29:41 - SFI447 570700
2024-02-07 10:29:41 - SFI447 570C10
2024-02-07 10:29:41 - SFI459 590700
2024-02-07 10:29:41 - SFI459V 590703
2024-02-07 10:29:41 - SFI461 56700P
2024-02-07 10:29:41 - SFI461 56C10P
2024-02-07 10:29:41 - SFU339520700
2024-02-07 10:29:41 - SFU3415401BU
2024-02-07 10:29:41 - SFU341540700
2024-02-07 10:29:41 - SFU34154096N
2024-02-07 10:29:41 - SFU342550700
2024-02-07 10:29:41 - SFU466540700
2024-02-07 10:29:41 - SFU467580301
2024-02-07 10:29:41 - SFU46855700Y
2024-02-07 10:29:41 - SFU469540700
2024-02-07 10:29:41 - SFU470540700
2024-02-07 10:29:41 - SFU47054700Y
2024-02-07 10:29:41 - SFU471530722
2024-02-07 10:29:41 - SFU5115606D4
2024-02-07 10:29:41 - SFU515 V5502BW
2024-02-07 10:29:41 - SFU536 5806G5
2024-02-07 10:29:41 - SFU536 5807GW
2024-02-07 10:29:41 - SFU538 580300
2024-02-07 10:29:41 - SFU538 580594
2024-02-07 10:29:41 - SFU599 V58300Y
2024-02-07 10:29:41 - SFU620 560700
2024-02-07 10:29:41 - SFU622 570300
2024-02-07 10:29:41 - SFU623 570300
2024-02-07 10:29:41 - SFU626 580706
2024-02-07 10:29:41 - SFU628 590300
2024-02-07 10:29:41 - SFU683 550700
2024-02-07 10:29:41 - SFU684 560Z48
2024-02-07 10:29:41 - SFU685 540700
2024-02-07 10:29:41 - SFU685 540752
2024-02-07 10:29:41 - SFU685V 5401EX
2024-02-07 10:29:41 - SFU685V 5406BZ
2024-02-07 10:29:41 - SFU685V 5406YH
2024-02-07 10:29:41 - SFU685V 540VAB
2024-02-07 10:29:41 - SFU686V 5403KA
2024-02-07 10:29:41 - SFU689 580307
2024-02-07 10:29:41 - SFU689 5808FC
2024-02-07 10:29:41 - SFU689 580SN9
2024-02-07 10:29:41 - SFU693 5808FE
2024-02-07 10:29:41 - SFU693V 5808FC
2024-02-07 10:29:41 - SHE175990301
2024-02-07 10:29:41 - SHE822550752
2024-02-07 10:29:41 - SHE82655096N
2024-02-07 10:29:41 - SHE826550AEN
2024-02-07 10:29:41 - SHE827560L93
2024-02-07 10:29:41 - SHE832540713
2024-02-07 10:29:41 - SHE844560700
2024-02-07 10:29:41 - SHE866540301
2024-02-07 10:29:41 - SHE869540721
2024-02-07 10:29:41 - SHN628M520700
2024-02-07 10:29:41 - SJC019 520700
2024-02-07 10:29:41 - SJC019 520AAK
2024-02-07 10:29:41 - SJC021 530700
2024-02-07 10:29:41 - SJC021V 53 700Y
2024-02-07 10:29:41 - SJC023 530700
2024-02-07 10:29:41 - SJC023 530AAK
2024-02-07 10:29:41 - SJC023 53700Y
2024-02-07 10:29:41 - SJC024 520AAK
2024-02-07 10:29:41 - SJC024 52700Y
2024-02-07 10:29:41 - SJC027  530700
2024-02-07 10:29:41 - SJC030V 580700
2024-02-07 10:29:41 - SNE593P1
2024-02-07 10:29:41 - SPL34849581X
2024-02-07 10:29:41 - SPL34947579K
2024-02-07 10:29:41 - SPL890 5808H5
2024-02-07 10:29:41 - SPL890E 58349P
2024-02-07 10:29:41 - SPL890E 58E56P
2024-02-07 10:29:41 - SPLB36 61H53X
2024-02-07 10:29:41 - SPLB38E 56U28P
2024-02-07 10:29:41 - SPLC2456H56Y
2024-02-07 10:29:41 - SPLC37 600703
2024-02-07 10:29:41 - SPLC37 600C03
2024-02-07 10:29:41 - SPLD33540700
2024-02-07 10:29:41 - SPLE05 570700
2024-02-07 10:29:41 - SPLE05 570722
2024-02-07 10:29:41 - SPLE05 5709N3
2024-02-07 10:29:41 - SPLE05 576K3F
2024-02-07 10:29:41 - SPLE37 560722
2024-02-07 10:29:41 - SPLF12550700
2024-02-07 10:29:41 - SPLF12550722
2024-02-07 10:29:41 - SPLF15 52GLAP
2024-02-07 10:29:41 - SPLF16 51GLAP
2024-02-07 10:29:41 - SPLF36 580700
2024-02-07 10:29:41 - SPLF36 580Z20
2024-02-07 10:29:41 - SPLF61E 550U28
2024-02-07 10:29:41 - SPLF63 630878
2024-02-07 10:29:41 - SPLG19 540700
2024-02-07 10:29:41 - SPLG19 540909
2024-02-07 10:29:41 - SPLG20 54700Y
2024-02-07 10:29:41 - SPLL16 58U28P
2024-02-07 10:29:41 - SPLL36 540700
2024-02-07 10:29:41 - SPLL38 57594Y
2024-02-07 10:29:41 - SRPB47J1
2024-02-07 10:29:41 - SRPD51K1
2024-02-07 10:29:41 - SRPD61K1
2024-02-07 10:29:41 - SRPD71K2
2024-02-07 10:29:41 - SRPE39P1
2024-02-07 10:29:41 - SRPE43J1
2024-02-07 10:29:41 - SRPG39K1
2024-02-07 10:29:41 - SRPJ93K1
2024-02-07 10:29:41 - SRPK15J1
2024-02-07 10:29:41 - SSA451J1
2024-02-07 10:29:41 - SSB399P1
2024-02-07 10:29:41 - SSB415P1
2024-02-07 10:29:41 - SSB427P1
2024-02-07 10:29:41 - SSC911P1
2024-02-07 10:29:41 - SSK013J1
2024-02-07 10:29:41 - STAKLO J.LEMANS
2024-02-07 10:29:41 - SUR339P1
2024-02-07 10:29:41 - SUR344P1
2024-02-07 10:29:41 - SUR405P1
2024-02-07 10:29:41 - SUR421P1
2024-02-07 10:29:41 - SUR450P1
2024-02-07 10:29:41 - SUR461P1
2024-02-07 10:29:41 - SUR465P1
2024-02-07 10:29:41 - SUR503P1
2024-02-07 10:29:41 - SUR529P1
2024-02-07 10:29:41 - SUR531P1
2024-02-07 10:29:41 - SUR533P1
2024-02-07 10:29:41 - SYA028 N55780Y
2024-02-07 10:29:41 - SYA028N5503KA
2024-02-07 10:29:41 - SYA030 590300
2024-02-07 10:29:41 - SYA030 590H33
2024-02-07 10:29:41 - SYA036 V56096N
2024-02-07 10:29:41 - SYA037 60E59X
2024-02-07 10:29:41 - SYA037600H29
2024-02-07 10:29:41 - SYA043 550302
2024-02-07 10:29:41 - SYA053 510700
2024-02-07 10:29:41 - SYA055 5401AL
2024-02-07 10:29:41 - SYA055 540722
2024-02-07 10:29:41 - SYA056 5301AL
2024-02-07 10:29:41 - SYA076 530700
2024-02-07 10:29:41 - SYA080 530700
2024-02-07 10:29:41 - SYA100 59300Y
2024-02-07 10:29:41 - SYA102 580302
2024-02-07 10:29:41 - SYA102 588FCY
2024-02-07 10:29:41 - SYA104 540700
2024-02-07 10:29:41 - SYA105 540700
2024-02-07 10:29:41 - SYA105V 5406SC
2024-02-07 10:29:41 - SYA105V 5407AY
2024-02-07 10:29:41 - SYA106 540700
2024-02-07 10:29:41 - SYA106 540706
2024-02-07 10:29:41 - SYA106V 540AFD
2024-02-07 10:29:41 - SYG224B
2024-02-07 10:29:41 - SYG224U
2024-02-07 10:29:41 - SYG251E
2024-02-07 10:29:41 - SYG294BE
2024-02-07 10:29:41 - SYG294UW
2024-02-07 10:29:41 - SYL167U
2024-02-07 10:29:41 - SYL180WO
2024-02-07 10:29:41 - SYL189CE
2024-02-07 10:29:41 - SYL292WP
2024-02-07 10:29:41 - SYL301WP
2024-02-07 10:29:41 - ŠTIFT
2024-02-07 10:29:41 - TQ-140-7EF
2024-02-07 10:29:41 - TQ-148-8DF
2024-02-07 10:29:41 - TQ-228-4DF
2024-02-07 10:29:41 - USPA1008-05
2024-02-07 10:29:41 - USPA1014-06
2024-02-07 10:29:41 - USPA1014-07
2024-02-07 10:29:41 - USPA1014-08
2024-02-07 10:29:41 - USPA1030-01
2024-02-07 10:29:41 - USPA1030-06
2024-02-07 10:29:41 - USPA1034-04
2024-02-07 10:29:41 - USPA1034-05
2024-02-07 10:29:41 - USPA1035-03
2024-02-07 10:29:41 - USPA1040-01
2024-02-07 10:29:41 - USPA1040-07
2024-02-07 10:29:41 - USPA1040-08
2024-02-07 10:29:41 - USPA1044-07
2024-02-07 10:29:41 - USPA1054-01
2024-02-07 10:29:41 - USPA1055-06
2024-02-07 10:29:41 - USPA1057-03
2024-02-07 10:29:41 - USPA1057-05
2024-02-07 10:29:41 - USPA2027-02
2024-02-07 10:29:41 - USPA2028-03
2024-02-07 10:29:41 - USPA2028-06
2024-02-07 10:29:41 - USPA2040-01
2024-02-07 10:29:41 - USPA2040-06
2024-02-07 10:29:41 - USPA2042-06
2024-02-07 10:29:41 - USPA2045-05
2024-02-07 10:29:41 - USPA2049-04
2024-02-07 10:29:41 - USPA2054-01
2024-02-07 10:29:41 - USPA2054-02
2024-02-07 10:29:41 - USPA2055-02
2024-02-07 10:29:41 - USPA2055-03
2024-02-07 10:29:41 - USPA2055-04
2024-02-07 10:29:41 - USPA2057-02
2024-02-07 10:29:41 - USPA2057-03
2024-02-07 10:29:41 - USPA2057-09
2024-02-07 10:29:41 - USPA2059-01
2024-02-07 10:29:41 - USPA2059-02
2024-02-07 10:29:41 - USPA2062-02
2024-02-07 10:29:41 - USPA2066-01
2024-02-07 10:29:41 - VO2843 56 44/11
2024-02-07 10:29:41 - VO2943SB 55 W656T5
2024-02-07 10:29:41 - VO5230S 54 W44/11
2024-02-07 10:29:41 - VO5243SB 53 W44/11
2024-02-07 10:29:41 - VO5337S 53 W44/87
2024-02-07 10:29:41 - VO5338S 54 28368J
2024-02-07 10:29:41 - VO5338S 54 295087
2024-02-07 10:29:41 - VO5338S 54 W44/11
2024-02-07 10:29:41 - VO5338S 54 W65613
2024-02-07 10:29:41 - VO5339S 52 W44/11
2024-02-07 10:29:41 - VO5352S 56 W44/87
2024-02-07 10:29:41 - VO5353S 54 28671
2024-02-07 10:29:41 - VO5353S 54 W65613
2024-02-07 10:29:41 - VO5380S 50 282080
2024-02-07 10:29:41 - VO5411S 54 W65613
2024-02-07 10:29:41 - VO5426S 54 W44/87
2024-02-07 10:29:41 - VO5428S 51 W44/11
2024-02-07 10:29:41 - VO5462S 54 W44/11
2024-02-07 10:29:41 - VO5479S 53 1508T5
2024-02-07 10:29:41 - VO5479S 53 W44/87
2024-02-07 10:29:41 - VO5484S 57 W65673
2024-02-07 10:29:41 - VO5488S 56 W44/11
2024-02-07 10:29:41 - W-217HM-7BVEF
2024-02-07 10:29:41 - W-218HC-4AVEF
2024-02-07 10:29:41 - W-218HC-8AVEF
2024-02-07 10:29:41 - W-219H-1A2VEF
2024-02-07 10:29:41 - WS-1300H-1AVEF
2024-02-07 10:29:41 - WS-1300H-2AVEF
2024-02-07 10:29:41 - WS-1400H-1AVDF
2024-02-07 10:29:41 - ZEA412930
